#
# A fatal error has been detected by the Java Runtime Environment:
#
#  EXCEPTION_ACCESS_VIOLATION (0xc0000005) at pc=0x617493cd, pid=5920, tid=8156
#
# JRE version: Java(TM) SE Runtime Environment (8.0_91-b14) (build 1.8.0_91-b14)
# Java VM: Java HotSpot(TM) Client VM (25.91-b14 mixed mode windows-x86 )
# Problematic frame:
# C  [listSerialsj.dll+0x93cd]
#
# Failed to write core dump. Minidumps are not enabled by default on client versions of Windows
#
# If you would like to submit a bug report, please visit:
#   http://bugreport.java.com/bugreport/crash.jsp
# The crash happened outside the Java Virtual Machine in native code.
# See problematic frame for where to report the bug.
#

---------------  T H R E A D  ---------------

Current thread (0x2586ac00):  JavaThread "cc.arduino.packages.discoverers.serial.SerialBoardsLister" [_thread_in_native, id=8156, stack(0x26690000,0x266e0000)]

siginfo: ExceptionCode=0xc0000005, writing address 0x00000000

Registers:
EAX=0x00000000, EBX=0x00000be0, ECX=0x00000000, EDX=0x00000001
ESP=0x266df180, EBP=0x266df5d8, ESI=0x00000001, EDI=0x00764440
EIP=0x617493cd, EFLAGS=0x00010246

Top of Stack: (sp=0x266df180)
0x266df180:   0094ee60 0000002e 00000002 00000000
0x266df190:   00000003 00000000 00000000 00000000
0x266df1a0:   266df240 0281c860 0000006c 7461a540
0x266df1b0:   27c05860 006df204 007646f8 0000008c
0x266df1c0:   266df240 77c4620b 00000012 00000002
0x266df1d0:   00000001 0000006c 0000004d 0000008c
0x266df1e0:   008c0000 00000000 344d4f43 006df600
0x266df1f0:   00425355 266df404 77d9d0b2 266df4a4 

Instructions: (pc=0x617493cd)
0x617493ad:   8b 45 08 8b 90 94 00 00 00 85 d2 74 16 8b 40 2c
0x617493bd:   c7 44 24 04 2e 00 00 00 89 04 24 e8 73 14 00 00
0x617493cd:   c6 00 00 8d 85 04 fc ff ff 89 44 24 18 8d 85 0a
0x617493dd:   fc ff ff 89 44 24 10 a1 e4 01 75 61 c7 85 04 fc 


Register to memory mapping:

EAX=0x00000000 is an unknown value
EBX=0x00000be0 is an unknown value
ECX=0x00000000 is an unknown value
EDX=0x00000001 is an unknown value
ESP=0x266df180 is pointing into the stack for thread: 0x2586ac00
EBP=0x266df5d8 is pointing into the stack for thread: 0x2586ac00
ESI=0x00000001 is an unknown value
EDI=0x00764440 is an unknown value


Stack: [0x26690000,0x266e0000],  sp=0x266df180,  free space=316k
Native frames: (J=compiled Java code, j=interpreted, Vv=VM code, C=native code)
C  [listSerialsj.dll+0x93cd]
C  [listSerialsj.dll+0x2211]

Java frames: (J=compiled Java code, j=interpreted, Vv=VM code)
j  processing.app.Platform.listSerialsNative()[Ljava/lang/String;+0
j  processing.app.Platform.listSerials()Ljava/util/List;+5
j  cc.arduino.packages.discoverers.serial.SerialBoardsLister.retriggerDiscovery(Z)V+22
j  cc.arduino.packages.discoverers.serial.SerialBoardsLister.run()V+9
j  java.util.TimerThread.mainLoop()V+221
j  java.util.TimerThread.run()V+1
v  ~StubRoutines::call_stub

---------------  P R O C E S S  ---------------

Java Threads: ( => current thread )
  0x26cb5c00 JavaThread "EventThread COM3" [_thread_in_native, id=3364, stack(0x25fa0000,0x25ff0000)]
  0x26bcc000 JavaThread "DestroyJavaVM" [_thread_blocked, id=7936, stack(0x02330000,0x02380000)]
  0x26bca800 JavaThread "TimerQueue" daemon [_thread_blocked, id=1280, stack(0x28740000,0x28790000)]
  0x26bce400 JavaThread "Batik CleanerThread" daemon [_thread_blocked, id=12836, stack(0x28420000,0x28470000)]
  0x26bce000 JavaThread "JmDNS(2607:f140:6000:2:d41:ca41:ff32:d393.local.).Timer" daemon [_thread_blocked, id=14740, stack(0x28290000,0x282e0000)]
  0x26bca000 JavaThread "JmDNS(2607:f140:6000:2:d41:ca41:ff32:d393.local.).State.Timer" [_thread_blocked, id=5132, stack(0x28200000,0x28250000)]
  0x26bcd400 JavaThread "JmDNS(2607:f140:6000:2:d41:ca41:ff32:d393.local.).Timer" daemon [_thread_blocked, id=5592, stack(0x28170000,0x281c0000)]
  0x26bd0000 JavaThread "SocketListener(2607:f140:6000:2:d41:ca41:ff32:d393.local.)" daemon [_thread_in_native, id=9032, stack(0x280c0000,0x28110000)]
  0x26bcd800 JavaThread "JmDNS(2607:f140:6000:2:71ec:97eb:a789:c353.local.).Timer" daemon [_thread_blocked, id=5916, stack(0x27ff0000,0x28040000)]
  0x26bccc00 JavaThread "JmDNS(2607:f140:6000:2:71ec:97eb:a789:c353.local.).State.Timer" [_thread_blocked, id=3264, stack(0x27f60000,0x27fb0000)]
  0x26bd1800 JavaThread "JmDNS(2607:f140:6000:2:71ec:97eb:a789:c353.local.).Timer" daemon [_thread_blocked, id=15488, stack(0x27ed0000,0x27f20000)]
  0x26bcc800 JavaThread "SocketListener(2607:f140:6000:2:71ec:97eb:a789:c353.local.)" daemon [_thread_in_native, id=1292, stack(0x27e40000,0x27e90000)]
  0x26bcb800 JavaThread "AWT-EventQueue-0" [_thread_blocked, id=5040, stack(0x27bb0000,0x27c00000)]
  0x26bd1000 JavaThread "AWT-Shutdown" [_thread_blocked, id=9444, stack(0x25cc0000,0x25d10000)]
  0x26bcf800 JavaThread "JmDNS(fe80:0:0:0:71ec:97eb:a789:c353%wlan2.local.).Timer" daemon [_thread_blocked, id=14964, stack(0x27a20000,0x27a70000)]
  0x26bcf000 JavaThread "JmDNS(fe80:0:0:0:71ec:97eb:a789:c353%wlan2.local.).State.Timer" [_thread_blocked, id=6568, stack(0x27990000,0x279e0000)]
  0x26bcac00 JavaThread "JmDNS(fe80:0:0:0:71ec:97eb:a789:c353%wlan2.local.).Timer" daemon [_thread_blocked, id=5772, stack(0x27900000,0x27950000)]
  0x25a44400 JavaThread "SocketListener(fe80:0:0:0:71ec:97eb:a789:c353%wlan2.local.)" daemon [_thread_in_native, id=15208, stack(0x27870000,0x278c0000)]
  0x25a47400 JavaThread "JmDNS(ablatner-laptop.local.).Timer" daemon [_thread_blocked, id=5720, stack(0x277e0000,0x27830000)]
  0x25a47000 JavaThread "JmDNS(ablatner-laptop.local.).State.Timer" [_thread_blocked, id=8132, stack(0x27750000,0x277a0000)]
  0x25a45c00 JavaThread "JmDNS(ablatner-laptop.local.).Timer" daemon [_thread_blocked, id=9872, stack(0x276c0000,0x27710000)]
  0x25a45800 JavaThread "SocketListener(ablatner-laptop.local.)" daemon [_thread_in_native, id=8140, stack(0x27630000,0x27680000)]
  0x25a46800 JavaThread "JmDNS(ablatner-laptop.local.).Timer" daemon [_thread_blocked, id=4976, stack(0x273a0000,0x273f0000)]
  0x25a45000 JavaThread "JmDNS(ablatner-laptop.local.).State.Timer" [_thread_blocked, id=3504, stack(0x27310000,0x27360000)]
  0x25a44800 JavaThread "JmDNS(ablatner-laptop.local.).Timer" daemon [_thread_blocked, id=4632, stack(0x27280000,0x272d0000)]
  0x25a46400 JavaThread "SocketListener(ablatner-laptop.local.)" daemon [_thread_in_native, id=9336, stack(0x265b0000,0x26600000)]
  0x25a47c00 JavaThread "JmDNS(10-105-138-241.local.).Timer" daemon [_thread_blocked, id=1268, stack(0x26320000,0x26370000)]
  0x25a42000 JavaThread "JmDNS(10-105-138-241.local.).State.Timer" [_thread_blocked, id=11560, stack(0x26290000,0x262e0000)]
  0x25a30c00 JavaThread "JmDNS(10-105-138-241.local.).Timer" daemon [_thread_blocked, id=13880, stack(0x26200000,0x26250000)]
  0x25a33400 JavaThread "SocketListener(10-105-138-241.local.)" daemon [_thread_in_native, id=9340, stack(0x023c0000,0x02410000)]
  0x258ce000 JavaThread "cc.arduino.packages.discoverers.network.BoardReachabilityFilter" [_thread_blocked, id=6828, stack(0x267b0000,0x26800000)]
  0x25855800 JavaThread "cc.arduino.packages.discoverers.network.NetworkChecker" [_thread_in_native, id=16260, stack(0x26720000,0x26770000)]
=>0x2586ac00 JavaThread "cc.arduino.packages.discoverers.serial.SerialBoardsLister" [_thread_in_native, id=8156, stack(0x26690000,0x266e0000)]
  0x2584bc00 JavaThread "AWT-Windows" daemon [_thread_in_native, id=6744, stack(0x25d50000,0x25da0000)]
  0x2584a400 JavaThread "Java2D Disposer" daemon [_thread_blocked, id=3308, stack(0x25c30000,0x25c80000)]
  0x25218000 JavaThread "Service Thread" daemon [_thread_blocked, id=15556, stack(0x25620000,0x25670000)]
  0x251f7000 JavaThread "C1 CompilerThread0" daemon [_thread_blocked, id=15304, stack(0x25590000,0x255e0000)]
  0x251f5c00 JavaThread "Attach Listener" daemon [_thread_blocked, id=11696, stack(0x25500000,0x25550000)]
  0x251f4000 JavaThread "Signal Dispatcher" daemon [_thread_blocked, id=6264, stack(0x24e20000,0x24e70000)]
  0x251eb800 JavaThread "Finalizer" daemon [_thread_blocked, id=2476, stack(0x24d90000,0x24de0000)]
  0x251d5c00 JavaThread "Reference Handler" daemon [_thread_blocked, id=4384, stack(0x24d00000,0x24d50000)]

Other Threads:
  0x0227ec00 VMThread [stack: 0x24cb0000,0x24d00000] [id=496]
  0x2522e000 WatcherThread [stack: 0x256b0000,0x25700000] [id=15444]

VM state:not at safepoint (normal execution)

VM Mutex/Monitor currently owned by a thread: None

Heap:
 def new generation   total 39424K, used 33971K [0x04600000, 0x070c0000, 0x0f0a0000)
  eden space 35072K,  87% used [0x04600000, 0x063f2510, 0x06840000)
  from space 4352K,  75% used [0x06c80000, 0x06fba948, 0x070c0000)
  to   space 4352K,   0% used [0x06840000, 0x06840000, 0x06c80000)
 tenured generation   total 87424K, used 42456K [0x0f0a0000, 0x14600000, 0x24600000)
   the space 87424K,  48% used [0x0f0a0000, 0x11a16088, 0x11a16200, 0x14600000)
 Metaspace       used 17653K, capacity 18035K, committed 18176K, reserved 18816K

Card table byte_map: [0x24600000,0x24710000] byte_map_base: 0x245dd000

Polling page: 0x00910000

CodeCache: size=32768Kb used=2367Kb max_used=4015Kb free=30400Kb
 bounds [0x02490000, 0x02880000, 0x04490000]
 total_blobs=1447 nmethods=1175 adapters=202
 compilation: enabled

Compilation events (10 events):
Event: 529.834 Thread 0x251f7000 2614             java.util.LinkedList$ListItr::<init> (47 bytes)
Event: 529.835 Thread 0x251f7000 nmethod 2614 0x02759488 code [0x02759590, 0x0275967c]
Event: 530.107 Thread 0x251f7000 2615   !         java.awt.Component::reshape (312 bytes)
Event: 530.110 Thread 0x251f7000 nmethod 2615 0x026e2cc8 code [0x026e2e60, 0x026e34c8]
Event: 530.174 Thread 0x251f7000 2616             java.util.IdentityHashMap::get (60 bytes)
Event: 530.174 Thread 0x251f7000 nmethod 2616 0x02759108 code [0x02759210, 0x0275934c]
Event: 530.474 Thread 0x251f7000 2617             java.awt.Component::repaint (16 bytes)
Event: 530.474 Thread 0x251f7000 nmethod 2617 0x026e2a88 code [0x026e2b90, 0x026e2c4c]
Event: 530.780 Thread 0x251f7000 2618             java.lang.String::checkBounds (46 bytes)
Event: 530.780 Thread 0x251f7000 nmethod 2618 0x026e2648 code [0x026e2770, 0x026e2904]

GC Heap History (10 events):
Event: 321.985 GC heap before
{Heap before GC invocations=15 (full 1):
 def new generation   total 39424K, used 37586K [0x04600000, 0x070c0000, 0x0f0a0000)
  eden space 35072K, 100% used [0x04600000, 0x06840000, 0x06840000)
  from space 4352K,  57% used [0x06840000, 0x06ab49d0, 0x06c80000)
  to   space 4352K,   0% used [0x06c80000, 0x06c80000, 0x070c0000)
 tenured generation   total 87424K, used 33129K [0x0f0a0000, 0x14600000, 0x24600000)
   the space 87424K,  37% used [0x0f0a0000, 0x110fa4e0, 0x110fa600, 0x14600000)
 Metaspace       used 17653K, capacity 18035K, committed 18176K, reserved 18816K
Event: 322.010 GC heap after
Heap after GC invocations=16 (full 1):
 def new generation   total 39424K, used 3167K [0x04600000, 0x070c0000, 0x0f0a0000)
  eden space 35072K,   0% used [0x04600000, 0x04600000, 0x06840000)
  from space 4352K,  72% used [0x06c80000, 0x06f97e08, 0x070c0000)
  to   space 4352K,   0% used [0x06840000, 0x06840000, 0x06c80000)
 tenured generation   total 87424K, used 33891K [0x0f0a0000, 0x14600000, 0x24600000)
   the space 87424K,  38% used [0x0f0a0000, 0x111b8e08, 0x111b9000, 0x14600000)
 Metaspace       used 17653K, capacity 18035K, committed 18176K, reserved 18816K
}
Event: 356.350 GC heap before
{Heap before GC invocations=16 (full 1):
 def new generation   total 39424K, used 38239K [0x04600000, 0x070c0000, 0x0f0a0000)
  eden space 35072K, 100% used [0x04600000, 0x06840000, 0x06840000)
  from space 4352K,  72% used [0x06c80000, 0x06f97e08, 0x070c0000)
  to   space 4352K,   0% used [0x06840000, 0x06840000, 0x06c80000)
 tenured generation   total 87424K, used 33891K [0x0f0a0000, 0x14600000, 0x24600000)
   the space 87424K,  38% used [0x0f0a0000, 0x111b8e08, 0x111b9000, 0x14600000)
 Metaspace       used 17653K, capacity 18035K, committed 18176K, reserved 18816K
Event: 356.382 GC heap after
Heap after GC invocations=17 (full 1):
 def new generation   total 39424K, used 3034K [0x04600000, 0x070c0000, 0x0f0a0000)
  eden space 35072K,   0% used [0x04600000, 0x04600000, 0x06840000)
  from space 4352K,  69% used [0x06840000, 0x06b369f8, 0x06c80000)
  to   space 4352K,   0% used [0x06c80000, 0x06c80000, 0x070c0000)
 tenured generation   total 87424K, used 35569K [0x0f0a0000, 0x14600000, 0x24600000)
   the space 87424K,  40% used [0x0f0a0000, 0x1135c488, 0x1135c600, 0x14600000)
 Metaspace       used 17653K, capacity 18035K, committed 18176K, reserved 18816K
}
Event: 400.731 GC heap before
{Heap before GC invocations=17 (full 1):
 def new generation   total 39424K, used 38106K [0x04600000, 0x070c0000, 0x0f0a0000)
  eden space 35072K, 100% used [0x04600000, 0x06840000, 0x06840000)
  from space 4352K,  69% used [0x06840000, 0x06b369f8, 0x06c80000)
  to   space 4352K,   0% used [0x06c80000, 0x06c80000, 0x070c0000)
 tenured generation   total 87424K, used 35569K [0x0f0a0000, 0x14600000, 0x24600000)
   the space 87424K,  40% used [0x0f0a0000, 0x1135c488, 0x1135c600, 0x14600000)
 Metaspace       used 17653K, capacity 18035K, committed 18176K, reserved 18816K
Event: 400.755 GC heap after
Heap after GC invocations=18 (full 1):
 def new generation   total 39424K, used 2716K [0x04600000, 0x070c0000, 0x0f0a0000)
  eden space 35072K,   0% used [0x04600000, 0x04600000, 0x06840000)
  from space 4352K,  62% used [0x06c80000, 0x06f271c8, 0x070c0000)
  to   space 4352K,   0% used [0x06840000, 0x06840000, 0x06c80000)
 tenured generation   total 87424K, used 36961K [0x0f0a0000, 0x14600000, 0x24600000)
   the space 87424K,  42% used [0x0f0a0000, 0x114b87c0, 0x114b8800, 0x14600000)
 Metaspace       used 17653K, capacity 18035K, committed 18176K, reserved 18816K
}
Event: 443.409 GC heap before
{Heap before GC invocations=18 (full 1):
 def new generation   total 39424K, used 37788K [0x04600000, 0x070c0000, 0x0f0a0000)
  eden space 35072K, 100% used [0x04600000, 0x06840000, 0x06840000)
  from space 4352K,  62% used [0x06c80000, 0x06f271c8, 0x070c0000)
  to   space 4352K,   0% used [0x06840000, 0x06840000, 0x06c80000)
 tenured generation   total 87424K, used 36961K [0x0f0a0000, 0x14600000, 0x24600000)
   the space 87424K,  42% used [0x0f0a0000, 0x114b87c0, 0x114b8800, 0x14600000)
 Metaspace       used 17653K, capacity 18035K, committed 18176K, reserved 18816K
Event: 443.429 GC heap after
Heap after GC invocations=19 (full 1):
 def new generation   total 39424K, used 2160K [0x04600000, 0x070c0000, 0x0f0a0000)
  eden space 35072K,   0% used [0x04600000, 0x04600000, 0x06840000)
  from space 4352K,  49% used [0x06840000, 0x06a5c060, 0x06c80000)
  to   space 4352K,   0% used [0x06c80000, 0x06c80000, 0x070c0000)
 tenured generation   total 87424K, used 42456K [0x0f0a0000, 0x14600000, 0x24600000)
   the space 87424K,  48% used [0x0f0a0000, 0x11a16088, 0x11a16200, 0x14600000)
 Metaspace       used 17653K, capacity 18035K, committed 18176K, reserved 18816K
}
Event: 490.441 GC heap before
{Heap before GC invocations=19 (full 1):
 def new generation   total 39424K, used 37232K [0x04600000, 0x070c0000, 0x0f0a0000)
  eden space 35072K, 100% used [0x04600000, 0x06840000, 0x06840000)
  from space 4352K,  49% used [0x06840000, 0x06a5c060, 0x06c80000)
  to   space 4352K,   0% used [0x06c80000, 0x06c80000, 0x070c0000)
 tenured generation   total 87424K, used 42456K [0x0f0a0000, 0x14600000, 0x24600000)
   the space 87424K,  48% used [0x0f0a0000, 0x11a16088, 0x11a16200, 0x14600000)
 Metaspace       used 17653K, capacity 18035K, committed 18176K, reserved 18816K
Event: 490.466 GC heap after
Heap after GC invocations=20 (full 1):
 def new generation   total 39424K, used 3306K [0x04600000, 0x070c0000, 0x0f0a0000)
  eden space 35072K,   0% used [0x04600000, 0x04600000, 0x06840000)
  from space 4352K,  75% used [0x06c80000, 0x06fba948, 0x070c0000)
  to   space 4352K,   0% used [0x06840000, 0x06840000, 0x06c80000)
 tenured generation   total 87424K, used 42456K [0x0f0a0000, 0x14600000, 0x24600000)
   the space 87424K,  48% used [0x0f0a0000, 0x11a16088, 0x11a16200, 0x14600000)
 Metaspace       used 17653K, capacity 18035K, committed 18176K, reserved 18816K
}

Deoptimization events (0 events):
No events

Internal exceptions (10 events):
Event: 62.609 Thread 0x26bd0c00 Exception <a 'sun/nio/fs/WindowsException'> (0x04ed3c58) thrown at [C:\re\workspace\8-2-build-windows-i586-cygwin\jdk8u91\6644\hotspot\src\share\vm\prims\jni.cpp, line 709]
Event: 62.609 Thread 0x26bd0c00 Exception <a 'sun/nio/fs/WindowsException'> (0x04ed4300) thrown at [C:\re\workspace\8-2-build-windows-i586-cygwin\jdk8u91\6644\hotspot\src\share\vm\prims\jni.cpp, line 709]
Event: 62.611 Thread 0x26bd0c00 Exception <a 'sun/nio/fs/WindowsException'> (0x04ee1338) thrown at [C:\re\workspace\8-2-build-windows-i586-cygwin\jdk8u91\6644\hotspot\src\share\vm\prims\jni.cpp, line 709]
Event: 62.611 Thread 0x26bd0c00 Exception <a 'sun/nio/fs/WindowsException'> (0x04ee1b80) thrown at [C:\re\workspace\8-2-build-windows-i586-cygwin\jdk8u91\6644\hotspot\src\share\vm\prims\jni.cpp, line 709]
Event: 62.614 Thread 0x26bd0c00 Exception <a 'sun/nio/fs/WindowsException'> (0x04f27b88) thrown at [C:\re\workspace\8-2-build-windows-i586-cygwin\jdk8u91\6644\hotspot\src\share\vm\prims\jni.cpp, line 709]
Event: 62.614 Thread 0x26bd0c00 Exception <a 'sun/nio/fs/WindowsException'> (0x04f28220) thrown at [C:\re\workspace\8-2-build-windows-i586-cygwin\jdk8u91\6644\hotspot\src\share\vm\prims\jni.cpp, line 709]
Event: 62.615 Thread 0x26bd0c00 Exception <a 'sun/nio/fs/WindowsException'> (0x04f329a8) thrown at [C:\re\workspace\8-2-build-windows-i586-cygwin\jdk8u91\6644\hotspot\src\share\vm\prims\jni.cpp, line 709]
Event: 62.615 Thread 0x26bd0c00 Exception <a 'sun/nio/fs/WindowsException'> (0x04f33040) thrown at [C:\re\workspace\8-2-build-windows-i586-cygwin\jdk8u91\6644\hotspot\src\share\vm\prims\jni.cpp, line 709]
Event: 62.617 Thread 0x26bd0c00 Exception <a 'sun/nio/fs/WindowsException'> (0x04f3d4a8) thrown at [C:\re\workspace\8-2-build-windows-i586-cygwin\jdk8u91\6644\hotspot\src\share\vm\prims\jni.cpp, line 709]
Event: 62.617 Thread 0x26bd0c00 Exception <a 'sun/nio/fs/WindowsException'> (0x04f3da60) thrown at [C:\re\workspace\8-2-build-windows-i586-cygwin\jdk8u91\6644\hotspot\src\share\vm\prims\jni.cpp, line 709]

Events (10 events):
Event: 528.929 Thread 0x251f7000 flushing nmethod 0x0275d6c8
Event: 529.568 Thread 0x251f7000 flushing nmethod 0x0275e048
Event: 529.568 Thread 0x251f7000 flushing nmethod 0x0275e248
Event: 529.568 Thread 0x251f7000 flushing nmethod 0x0275e6c8
Event: 529.568 Thread 0x251f7000 flushing nmethod 0x0275e948
Event: 529.568 Thread 0x251f7000 flushing nmethod 0x0275ebc8
Event: 529.568 Thread 0x251f7000 flushing nmethod 0x0275eec8
Event: 529.568 Thread 0x251f7000 flushing nmethod 0x0275f0c8
Event: 529.568 Thread 0x251f7000 flushing nmethod 0x0275f288
Event: 529.568 Thread 0x251f7000 flushing nmethod 0x0275f448


Dynamic libraries:
0x000e0000 - 0x00113000 	C:\Users\ablat\Downloads\Software\Energia\java\bin\javaw.exe
0x77530000 - 0x776b3000 	C:\Windows\SYSTEM32\ntdll.dll
0x766d0000 - 0x767b0000 	C:\Windows\System32\KERNEL32.DLL
0x77380000 - 0x77521000 	C:\Windows\System32\KERNELBASE.dll
0x76db0000 - 0x76e27000 	C:\Windows\System32\ADVAPI32.dll
0x767b0000 - 0x7686e000 	C:\Windows\System32\msvcrt.dll
0x76680000 - 0x766c1000 	C:\Windows\System32\sechost.dll
0x74c80000 - 0x74d41000 	C:\Windows\System32\RPCRT4.dll
0x73ff0000 - 0x7400e000 	C:\Windows\System32\SspiCli.dll
0x73fe0000 - 0x73fea000 	C:\Windows\System32\CRYPTBASE.dll
0x76e90000 - 0x76eea000 	C:\Windows\System32\bcryptPrimitives.dll
0x77220000 - 0x7737f000 	C:\Windows\System32\USER32.dll
0x74b60000 - 0x74b75000 	C:\Windows\System32\win32u.dll
0x771f0000 - 0x7721b000 	C:\Windows\System32\GDI32.dll
0x74a00000 - 0x74b5a000 	C:\Windows\System32\gdi32full.dll
0x6df50000 - 0x6e15a000 	C:\Windows\WinSxS\x86_microsoft.windows.common-controls_6595b64144ccf1df_6.0.14393.953_none_89c2555adb023171\COMCTL32.dll
0x76320000 - 0x76531000 	C:\Windows\System32\combase.dll
0x76c00000 - 0x76ce0000 	C:\Windows\System32\ucrtbase.dll
0x765b0000 - 0x765d5000 	C:\Windows\System32\IMM32.DLL
0x6a020000 - 0x6a0df000 	C:\Users\ablat\Downloads\Software\Energia\java\bin\msvcr100.dll
0x77c30000 - 0x77ffa000 	C:\Users\ablat\Downloads\Software\Energia\java\bin\client\jvm.dll
0x74010000 - 0x74016000 	C:\Windows\System32\PSAPI.DLL
0x6e2d0000 - 0x6e2d8000 	C:\Windows\SYSTEM32\WSOCK32.dll
0x6db30000 - 0x6db54000 	C:\Windows\SYSTEM32\WINMM.dll
0x73a00000 - 0x73a08000 	C:\Windows\SYSTEM32\VERSION.dll
0x74c10000 - 0x74c73000 	C:\Windows\System32\WS2_32.dll
0x008e0000 - 0x00903000 	C:\Windows\SYSTEM32\WINMMBASE.dll
0x74020000 - 0x74056000 	C:\Windows\System32\cfgmgr32.dll
0x6cc60000 - 0x6cc91000 	C:\Users\ablat\Downloads\Software\Energia\java\bin\splashscreen.dll
0x6dae0000 - 0x6daec000 	C:\Users\ablat\Downloads\Software\Energia\java\bin\verify.dll
0x6c520000 - 0x6c541000 	C:\Users\ablat\Downloads\Software\Energia\java\bin\java.dll
0x6dec0000 - 0x6df35000 	C:\Windows\system32\uxtheme.dll
0x76ac0000 - 0x76bf5000 	C:\Windows\System32\MSCTF.dll
0x74d60000 - 0x74df4000 	C:\Windows\System32\OLEAUT32.dll
0x76870000 - 0x768eb000 	C:\Windows\System32\msvcp_win.dll
0x6c500000 - 0x6c513000 	C:\Users\ablat\Downloads\Software\Energia\java\bin\zip.dll
0x745e0000 - 0x745ed000 	C:\Windows\System32\kernel.appcore.dll
0x74f40000 - 0x76318000 	C:\Windows\System32\SHELL32.dll
0x74060000 - 0x745ce000 	C:\Windows\System32\windows.storage.dll
0x74ef0000 - 0x74f35000 	C:\Windows\System32\powrprof.dll
0x76560000 - 0x765a6000 	C:\Windows\System32\shlwapi.dll
0x769e0000 - 0x76a68000 	C:\Windows\System32\shcore.dll
0x74d50000 - 0x74d5f000 	C:\Windows\System32\profapi.dll
0x69ed0000 - 0x6a015000 	C:\Users\ablat\Downloads\Software\Energia\java\bin\awt.dll
0x6bca0000 - 0x6bd32000 	C:\Windows\SYSTEM32\apphelp.dll
0x6dc20000 - 0x6dc3f000 	C:\Windows\system32\dwmapi.dll
0x74e00000 - 0x74eec000 	C:\Windows\System32\ole32.dll
0x6c4e0000 - 0x6c4f6000 	C:\Users\ablat\Downloads\Software\Energia\java\bin\net.dll
0x73990000 - 0x739de000 	C:\Windows\system32\mswsock.dll
0x73e40000 - 0x73e6f000 	C:\Windows\SYSTEM32\IPHLPAPI.DLL
0x76d40000 - 0x76d47000 	C:\Windows\System32\NSI.dll
0x61740000 - 0x6176c000 	C:\Users\ablat\Downloads\Software\Energia\lib\listSerialsj.dll
0x745f0000 - 0x749fb000 	C:\Windows\System32\SETUPAPI.dll
0x6ee80000 - 0x6ee93000 	C:\Windows\SYSTEM32\dhcpcsvc6.DLL
0x6ee60000 - 0x6ee74000 	C:\Windows\SYSTEM32\dhcpcsvc.DLL
0x70330000 - 0x70343000 	C:\Windows\SYSTEM32\CRYPTSP.dll
0x70300000 - 0x7032f000 	C:\Windows\system32\rsaenh.dll
0x73820000 - 0x7383b000 	C:\Windows\SYSTEM32\bcrypt.dll
0x739e0000 - 0x739fa000 	C:\Windows\SYSTEM32\USERENV.dll
0x6ccd0000 - 0x6ccdf000 	C:\Users\ablat\Downloads\Software\Energia\java\bin\nio.dll
0x26a40000 - 0x26a7d000 	C:\Users\ablat\AppData\Local\Temp\jna-92607966\jna5326174052871640624.dll
0x6f1c0000 - 0x6f23d000 	C:\Windows\SYSTEM32\DNSAPI.dll
0x6e310000 - 0x6e318000 	C:\Windows\System32\rasadhlp.dll
0x6c4a0000 - 0x6c4d9000 	C:\Users\ablat\Downloads\Software\Energia\java\bin\fontmanager.dll
0x69e90000 - 0x69ec2000 	C:\Users\ablat\Downloads\Software\Energia\java\bin\t2k.dll
0x6c3d0000 - 0x6c419000 	C:\Windows\System32\fwpuclnt.dll
0x6da60000 - 0x6da82000 	C:\Windows\SYSTEM32\DEVOBJ.dll
0x76a70000 - 0x76ab4000 	C:\Windows\System32\WINTRUST.dll
0x745d0000 - 0x745de000 	C:\Windows\System32\MSASN1.dll
0x77070000 - 0x771ed000 	C:\Windows\System32\CRYPT32.dll
0x58800000 - 0x58869000 	C:\Users\ablat\Downloads\Software\Energia\msvcp100.dll
0x55cf0000 - 0x55dae000 	C:\Users\ablat\Downloads\Software\Energia\msvcr100.dll
0x28040000 - 0x28072000 	C:\Users\ablat\Downloads\Software\Energia\lib\AStylej.dll
0x6c460000 - 0x6c484000 	C:\Users\ablat\Downloads\Software\Energia\java\bin\dcpr.dll
0x74b80000 - 0x74c04000 	C:\Windows\System32\clbcatq.dll
0x60310000 - 0x6047e000 	C:\Windows\SYSTEM32\WindowsCodecs.dll
0x6d7e0000 - 0x6d824000 	C:\Windows\system32\dataexchange.dll
0x6d490000 - 0x6d6c0000 	C:\Windows\system32\d3d11.dll
0x6d6c0000 - 0x6d7d3000 	C:\Windows\system32\dcomp.dll
0x6db80000 - 0x6dc03000 	C:\Windows\system32\dxgi.dll
0x6d390000 - 0x6d481000 	C:\Windows\system32\twinapi.appcore.dll
0x64000000 - 0x6401b000 	C:\Users\ablat\.jssc\windows\jSSC-2.8_x86.dll
0x6a900000 - 0x6a94e000 	C:\Windows\system32\Ninput.dll
0x6e3e0000 - 0x6e525000 	C:\Windows\SYSTEM32\dbghelp.dll

VM Arguments:
jvm_args: -Dsun.java2d.d3d=false -Djna.nosys=true -DAPP_DIR=C:\Users\ablat\Downloads\Software\Energia -Xms128M -Xmx512M 
java_command: processing.app.Base C:\Users\ablat\Documents\Berkeley\EE 16B\ee16b\fa17\lab\dev\project\System ID\dynamics_data\dynamics_data.ino
java_class_path (initial): C:\Users\ablat\Downloads\Software\Energia\lib\apple.jar;C:\Users\ablat\Downloads\Software\Energia\lib\arduino-core.jar;C:\Users\ablat\Downloads\Software\Energia\lib\batik-1.8.jar;C:\Users\ablat\Downloads\Software\Energia\lib\batik-anim-1.8.jar;C:\Users\ablat\Downloads\Software\Energia\lib\batik-awt-util-1.8.jar;C:\Users\ablat\Downloads\Software\Energia\lib\batik-bridge-1.8.jar;C:\Users\ablat\Downloads\Software\Energia\lib\batik-codec-1.8.jar;C:\Users\ablat\Downloads\Software\Energia\lib\batik-css-1.8.jar;C:\Users\ablat\Downloads\Software\Energia\lib\batik-dom-1.8.jar;C:\Users\ablat\Downloads\Software\Energia\lib\batik-ext-1.8.jar;C:\Users\ablat\Downloads\Software\Energia\lib\batik-gvt-1.8.jar;C:\Users\ablat\Downloads\Software\Energia\lib\batik-parser-1.8.jar;C:\Users\ablat\Downloads\Software\Energia\lib\batik-rasterizer-1.8.jar;C:\Users\ablat\Downloads\Software\Energia\lib\batik-script-1.8.jar;C:\Users\ablat\Downloads\Software\Energia\lib\batik-squiggle-1.8.jar;C:\Users\ablat\Downloads\Software\Energia\lib\batik-svg-dom-1.8.jar;C:\Users\ablat\Downloads\Software\Energia\lib\batik-svgpp-1.8.jar;C:\Users\ablat\Downloads\Software\Energia\lib\batik-transcoder-1.8.jar;C:\Users\ablat\Downloads\Software\Energia\lib\batik-util-1.8.jar;C:\Users\ablat\Downloads\Software\Energia\lib\batik-xml-1.8.jar;C:\Users\ablat\Downloads\Software\Energia\lib\bcpg-jdk15on-152.jar;C:\Users\ablat\Downloads\Software\Energia\lib\bcprov-jdk15on-152.jar;C:\Users\ablat\Downloads\Software\Energia\lib\commons-codec-1.7.jar;C:\Users\ablat\Downloads\Software\Energia\lib\commons-compress-1.8.jar;C:\Users\ablat\Downloads\Software\Energia\lib\commons-exec-1.1.jar;C:\Users\ablat\Downloads\Software\Energia\lib\commons-httpclient-3.1.jar;C:\Users\ablat\Downloads\Software\Energia\lib\commons-lang3-3.3.2.jar;C:\Users\ablat\Downloads\Software\Energia\lib\commons-logging-1.0.4.jar;C:\Users\ablat\Downloads\Software\Energia\lib\commons-net-3.3.jar;C:\Users\ablat\Downloads\Software\Ener
Launcher Type: SUN_STANDARD

Environment Variables:
PATH=C:\Program Files\Gurobi\win64\bin;C:\Program Files (x86)\Intel\iCLS Client\;C:\Program Files\Intel\iCLS Client\;C:\Windows\system32;C:\Windows;C:\Windows\System32\Wbem;C:\Windows\System32\WindowsPowerShell\v1.0\;C:\Program Files (x86)\Intel\Intel(R) Management Engine Components\DAL;C:\Program Files\Intel\Intel(R) Management Engine Components\DAL;C:\Program Files (x86)\Intel\Intel(R) Management Engine Components\IPT;C:\Program Files\Intel\Intel(R) Management Engine Components\IPT;C:\Program Files (x86)\NVIDIA Corporation\PhysX\Common;C:\Program Files\MATLAB\R2016b\runtime\win64;C:\Program Files\MATLAB\R2016b\bin;C:\Program Files\Git\cmd;C:\Program Files (x86)\Nordic Semiconductor\nrf5x\bin\;C:\Program Files\MiKTeX 2.9\miktex\bin\x64\;C:\Program Files (x86)\PuTTY\;C:\Program Files\MATLAB\R2015b\runtime\win64;C:\Program Files\MATLAB\R2015b\bin;C:\Program Files (x86)\GNU Tools ARM Embedded\5.3 2016q1\bin;C:\Program Files (x86)\GNU Tools ARM Embedded\4.9 2015q3\bin;C:\Anaconda3;C:\Anaconda3\Scripts;C:\Anaconda3\Library\bin;C:\Users\ablat\AppData\Local\Microsoft\WindowsApps;C:\MinGW\bin;C:\Users\ablat\Downloads\Software\Energia\java\bin
USERNAME=ablat
OS=Windows_NT
PROCESSOR_IDENTIFIER=Intel64 Family 6 Model 94 Stepping 3, GenuineIntel



---------------  S Y S T E M  ---------------

OS: Windows 10.0 , 64 bit Build 14393 (10.0.14393.1198)

CPU:total 8 (4 cores per cpu, 2 threads per core) family 6 model 94 stepping 3, cmov, cx8, fxsr, mmx, sse, sse2, sse3, ssse3, sse4.1, sse4.2, popcnt, avx, avx2, aes, clmul, erms, rtm, 3dnowpref, lzcnt, ht, tsc, tscinvbit, bmi1, bmi2, adx

Memory: 4k page, physical 16628288k(8664356k free), swap 19118656k(9289412k free)

vm_info: Java HotSpot(TM) Client VM (25.91-b14) for windows-x86 JRE (1.8.0_91-b14), built on Apr  1 2016 01:01:28 by "java_re" with MS VC++ 10.0 (VS2010)

time: Tue Jul 25 20:56:22 2017
elapsed time: 531 seconds (0d 0h 8m 51s)

