#
# A fatal error has been detected by the Java Runtime Environment:
#
#  EXCEPTION_ACCESS_VIOLATION (0xc0000005) at pc=0x617493cd, pid=4468, tid=5440
#
# JRE version: Java(TM) SE Runtime Environment (8.0_91-b14) (build 1.8.0_91-b14)
# Java VM: Java HotSpot(TM) Client VM (25.91-b14 mixed mode windows-x86 )
# Problematic frame:
# C  [listSerialsj.dll+0x93cd]
#
# Failed to write core dump. Minidumps are not enabled by default on client versions of Windows
#
# If you would like to submit a bug report, please visit:
#   http://bugreport.java.com/bugreport/crash.jsp
# The crash happened outside the Java Virtual Machine in native code.
# See problematic frame for where to report the bug.
#

---------------  T H R E A D  ---------------

Current thread (0x2585ac00):  JavaThread "cc.arduino.packages.discoverers.serial.SerialBoardsLister" [_thread_in_native, id=5440, stack(0x26680000,0x266d0000)]

siginfo: ExceptionCode=0xc0000005, writing address 0x00000000

Registers:
EAX=0x00000000, EBX=0x00000bb8, ECX=0x00000000, EDX=0x00000001
ESP=0x266ced10, EBP=0x266cf168, ESI=0x00000001, EDI=0x005edfa0
EIP=0x617493cd, EFLAGS=0x00010246

Top of Stack: (sp=0x266ced10)
0x266ced10:   009a26c0 0000002e 00000002 00000000
0x266ced20:   00000003 00000000 00000000 00000000
0x266ced30:   00000002 005ee510 0000006c 7461a540
0x266ced40:   009a7ec8 00817645 005ee7c8 0000008c
0x266ced50:   7680c070 00000007 00000012 00000002
0x266ced60:   00000001 0000006c 0000004d 0000008c
0x266ced70:   008ced5c 00000000 344d4f43 0080d200
0x266ced80:   00425355 fffffffe 7680c065 617419bf 

Instructions: (pc=0x617493cd)
0x617493ad:   8b 45 08 8b 90 94 00 00 00 85 d2 74 16 8b 40 2c
0x617493bd:   c7 44 24 04 2e 00 00 00 89 04 24 e8 73 14 00 00
0x617493cd:   c6 00 00 8d 85 04 fc ff ff 89 44 24 18 8d 85 0a
0x617493dd:   fc ff ff 89 44 24 10 a1 e4 01 75 61 c7 85 04 fc 


Register to memory mapping:

EAX=0x00000000 is an unknown value
EBX=0x00000bb8 is an unknown value
ECX=0x00000000 is an unknown value
EDX=0x00000001 is an unknown value
ESP=0x266ced10 is pointing into the stack for thread: 0x2585ac00
EBP=0x266cf168 is pointing into the stack for thread: 0x2585ac00
ESI=0x00000001 is an unknown value
EDI=0x005edfa0 is an unknown value


Stack: [0x26680000,0x266d0000],  sp=0x266ced10,  free space=315k
Native frames: (J=compiled Java code, j=interpreted, Vv=VM code, C=native code)
C  [listSerialsj.dll+0x93cd]
C  [listSerialsj.dll+0x2211]

Java frames: (J=compiled Java code, j=interpreted, Vv=VM code)
j  processing.app.Platform.listSerialsNative()[Ljava/lang/String;+0
j  processing.app.Platform.listSerials()Ljava/util/List;+5
j  cc.arduino.packages.discoverers.serial.SerialBoardsLister.retriggerDiscovery(Z)V+22
j  cc.arduino.packages.discoverers.serial.SerialBoardsLister.run()V+9
j  java.util.TimerThread.mainLoop()V+221
j  java.util.TimerThread.run()V+1
v  ~StubRoutines::call_stub

---------------  P R O C E S S  ---------------

Java Threads: ( => current thread )
  0x26a5c400 JavaThread "DestroyJavaVM" [_thread_blocked, id=15840, stack(0x020d0000,0x02120000)]
  0x26a62400 JavaThread "Timer-0" [_thread_blocked, id=14260, stack(0x260d0000,0x26120000)]
  0x26a5b400 JavaThread "TimerQueue" daemon [_thread_blocked, id=5988, stack(0x28740000,0x28790000)]
  0x26a5f000 JavaThread "Batik CleanerThread" daemon [_thread_blocked, id=16356, stack(0x28420000,0x28470000)]
  0x26a5c000 JavaThread "JmDNS(2607:f140:6000:2:d41:ca41:ff32:d393.local.).Timer" daemon [_thread_blocked, id=16088, stack(0x28290000,0x282e0000)]
  0x26a5ec00 JavaThread "JmDNS(2607:f140:6000:2:d41:ca41:ff32:d393.local.).State.Timer" [_thread_blocked, id=7944, stack(0x28200000,0x28250000)]
  0x26a5d000 JavaThread "JmDNS(2607:f140:6000:2:d41:ca41:ff32:d393.local.).Timer" daemon [_thread_blocked, id=8248, stack(0x28170000,0x281c0000)]
  0x26a60c00 JavaThread "SocketListener(2607:f140:6000:2:d41:ca41:ff32:d393.local.)" daemon [_thread_in_native, id=1556, stack(0x280b0000,0x28100000)]
  0x26a5fc00 JavaThread "JmDNS(2607:f140:6000:2:71ec:97eb:a789:c353.local.).Timer" daemon [_thread_blocked, id=9784, stack(0x27fe0000,0x28030000)]
  0x26a5e400 JavaThread "JmDNS(2607:f140:6000:2:71ec:97eb:a789:c353.local.).State.Timer" [_thread_blocked, id=1940, stack(0x27f50000,0x27fa0000)]
  0x26a5e000 JavaThread "JmDNS(2607:f140:6000:2:71ec:97eb:a789:c353.local.).Timer" daemon [_thread_blocked, id=1168, stack(0x27ec0000,0x27f10000)]
  0x26a5ac00 JavaThread "SocketListener(2607:f140:6000:2:71ec:97eb:a789:c353.local.)" daemon [_thread_in_native, id=15084, stack(0x27e30000,0x27e80000)]
  0x26a5b800 JavaThread "AWT-EventQueue-0" [_thread_blocked, id=12660, stack(0x27ba0000,0x27bf0000)]
  0x26a5f800 JavaThread "JmDNS(fe80:0:0:0:71ec:97eb:a789:c353%wlan2.local.).Timer" daemon [_thread_blocked, id=11980, stack(0x27a10000,0x27a60000)]
  0x26a60400 JavaThread "JmDNS(fe80:0:0:0:71ec:97eb:a789:c353%wlan2.local.).State.Timer" [_thread_blocked, id=2236, stack(0x27980000,0x279d0000)]
  0x26a5d800 JavaThread "JmDNS(fe80:0:0:0:71ec:97eb:a789:c353%wlan2.local.).Timer" daemon [_thread_blocked, id=5092, stack(0x278f0000,0x27940000)]
  0x25a51000 JavaThread "SocketListener(fe80:0:0:0:71ec:97eb:a789:c353%wlan2.local.)" daemon [_thread_in_native, id=12032, stack(0x27860000,0x278b0000)]
  0x25a50800 JavaThread "JmDNS(ablatner-laptop.local.).Timer" daemon [_thread_blocked, id=3624, stack(0x277d0000,0x27820000)]
  0x25a53000 JavaThread "JmDNS(ablatner-laptop.local.).State.Timer" [_thread_blocked, id=4932, stack(0x27740000,0x27790000)]
  0x25a52800 JavaThread "JmDNS(ablatner-laptop.local.).Timer" daemon [_thread_blocked, id=13780, stack(0x276b0000,0x27700000)]
  0x25a54000 JavaThread "SocketListener(ablatner-laptop.local.)" daemon [_thread_in_native, id=5408, stack(0x27620000,0x27670000)]
  0x25a52400 JavaThread "JmDNS(ablatner-laptop.local.).Timer" daemon [_thread_blocked, id=2380, stack(0x27490000,0x274e0000)]
  0x25a53400 JavaThread "JmDNS(ablatner-laptop.local.).State.Timer" [_thread_blocked, id=5224, stack(0x27400000,0x27450000)]
  0x25a51400 JavaThread "JmDNS(ablatner-laptop.local.).Timer" daemon [_thread_blocked, id=16332, stack(0x27370000,0x273c0000)]
  0x25a51c00 JavaThread "SocketListener(ablatner-laptop.local.)" daemon [_thread_in_native, id=4812, stack(0x265c0000,0x26610000)]
  0x25a53c00 JavaThread "JmDNS(10-105-138-241.local.).Timer" daemon [_thread_blocked, id=15920, stack(0x26530000,0x26580000)]
  0x25a34c00 JavaThread "JmDNS(10-105-138-241.local.).State.Timer" [_thread_blocked, id=14016, stack(0x264a0000,0x264f0000)]
  0x25a45c00 JavaThread "JmDNS(10-105-138-241.local.).Timer" daemon [_thread_blocked, id=13932, stack(0x26410000,0x26460000)]
  0x25a3dc00 JavaThread "SocketListener(10-105-138-241.local.)" daemon [_thread_in_native, id=3620, stack(0x26280000,0x262d0000)]
  0x258bec00 JavaThread "cc.arduino.packages.discoverers.network.BoardReachabilityFilter" [_thread_blocked, id=13392, stack(0x267a0000,0x267f0000)]
  0x2585b000 JavaThread "cc.arduino.packages.discoverers.network.NetworkChecker" [_thread_blocked, id=14836, stack(0x26710000,0x26760000)]
=>0x2585ac00 JavaThread "cc.arduino.packages.discoverers.serial.SerialBoardsLister" [_thread_in_native, id=5440, stack(0x26680000,0x266d0000)]
  0x2583bc00 JavaThread "AWT-Windows" daemon [_thread_in_native, id=13496, stack(0x25d40000,0x25d90000)]
  0x2583b400 JavaThread "AWT-Shutdown" [_thread_blocked, id=3800, stack(0x25cb0000,0x25d00000)]
  0x2583a800 JavaThread "Java2D Disposer" daemon [_thread_blocked, id=15264, stack(0x25c20000,0x25c70000)]
  0x251b8000 JavaThread "Service Thread" daemon [_thread_blocked, id=2736, stack(0x25610000,0x25660000)]
  0x25195000 JavaThread "C1 CompilerThread0" daemon [_thread_blocked, id=5052, stack(0x25580000,0x255d0000)]
  0x2519f800 JavaThread "Attach Listener" daemon [_thread_blocked, id=12776, stack(0x254f0000,0x25540000)]
  0x2519e800 JavaThread "Signal Dispatcher" daemon [_thread_blocked, id=6160, stack(0x25460000,0x254b0000)]
  0x2518b800 JavaThread "Finalizer" daemon [_thread_blocked, id=16104, stack(0x24c30000,0x24c80000)]
  0x25175c00 JavaThread "Reference Handler" daemon [_thread_blocked, id=16056, stack(0x24ba0000,0x24bf0000)]

Other Threads:
  0x0234ec00 VMThread [stack: 0x24b10000,0x24b60000] [id=9560]
  0x251cf800 WatcherThread [stack: 0x256a0000,0x256f0000] [id=4736]

VM state:not at safepoint (normal execution)

VM Mutex/Monitor currently owned by a thread: None

Heap:
 def new generation   total 39424K, used 29050K [0x04600000, 0x070c0000, 0x0f0a0000)
  eden space 35072K,  70% used [0x04600000, 0x05e1e9a8, 0x06840000)
  from space 4352K, 100% used [0x06c80000, 0x070c0000, 0x070c0000)
  to   space 4352K,   0% used [0x06840000, 0x06840000, 0x06c80000)
 tenured generation   total 87424K, used 15707K [0x0f0a0000, 0x14600000, 0x24600000)
   the space 87424K,  17% used [0x0f0a0000, 0x0fff6ed8, 0x0fff7000, 0x14600000)
 Metaspace       used 17145K, capacity 17520K, committed 17536K, reserved 17792K

Card table byte_map: [0x044b0000,0x045c0000] byte_map_base: 0x0448d000

Polling page: 0x00580000

CodeCache: size=32768Kb used=2528Kb max_used=2528Kb free=30239Kb
 bounds [0x024b0000, 0x02730000, 0x044b0000]
 total_blobs=1619 nmethods=1349 adapters=200
 compilation: enabled

Compilation events (10 events):
Event: 32.827 Thread 0x25195000 1364             java.awt.Component::isShowing (38 bytes)
Event: 32.828 Thread 0x25195000 nmethod 1364 0x027275c8 code [0x027276d0, 0x027277bc]
Event: 33.053 Thread 0x25195000 1365             java.net.InetAddress::holder (5 bytes)
Event: 33.053 Thread 0x25195000 nmethod 1365 0x02727808 code [0x02727900, 0x02727980]
Event: 34.482 Thread 0x25195000 1366   !         sun.awt.AWTAutoShutdown::setToolkitBusy (124 bytes)
Event: 34.484 Thread 0x25195000 nmethod 1366 0x027279c8 code [0x02727b10, 0x02727f8c]
Event: 34.652 Thread 0x25195000 1367             javax.jmdns.impl.HostInfo::getInetAddress (5 bytes)
Event: 34.652 Thread 0x25195000 nmethod 1367 0x02728308 code [0x02728400, 0x02728480]
Event: 35.623 Thread 0x25195000 1368             java.util.TaskQueue::getMin (7 bytes)
Event: 35.623 Thread 0x25195000 nmethod 1368 0x027284c8 code [0x027285c0, 0x02728660]

GC Heap History (8 events):
Event: 0.669 GC heap before
{Heap before GC invocations=0 (full 0):
 def new generation   total 39296K, used 34944K [0x04600000, 0x070a0000, 0x0f0a0000)
  eden space 34944K, 100% used [0x04600000, 0x06820000, 0x06820000)
  from space 4352K,   0% used [0x06820000, 0x06820000, 0x06c60000)
  to   space 4352K,   0% used [0x06c60000, 0x06c60000, 0x070a0000)
 tenured generation   total 87424K, used 0K [0x0f0a0000, 0x14600000, 0x24600000)
   the space 87424K,   0% used [0x0f0a0000, 0x0f0a0000, 0x0f0a0200, 0x14600000)
 Metaspace       used 8042K, capacity 8195K, committed 8320K, reserved 8576K
Event: 0.679 GC heap after
Heap after GC invocations=1 (full 0):
 def new generation   total 39296K, used 4352K [0x04600000, 0x070a0000, 0x0f0a0000)
  eden space 34944K,   0% used [0x04600000, 0x04600000, 0x06820000)
  from space 4352K, 100% used [0x06c60000, 0x070a0000, 0x070a0000)
  to   space 4352K,   0% used [0x06820000, 0x06820000, 0x06c60000)
 tenured generation   total 87424K, used 2026K [0x0f0a0000, 0x14600000, 0x24600000)
   the space 87424K,   2% used [0x0f0a0000, 0x0f29ab38, 0x0f29ac00, 0x14600000)
 Metaspace       used 8042K, capacity 8195K, committed 8320K, reserved 8576K
}
Event: 1.136 GC heap before
{Heap before GC invocations=1 (full 0):
 def new generation   total 39296K, used 39296K [0x04600000, 0x070a0000, 0x0f0a0000)
  eden space 34944K, 100% used [0x04600000, 0x06820000, 0x06820000)
  from space 4352K, 100% used [0x06c60000, 0x070a0000, 0x070a0000)
  to   space 4352K,   0% used [0x06820000, 0x06820000, 0x06c60000)
 tenured generation   total 87424K, used 2026K [0x0f0a0000, 0x14600000, 0x24600000)
   the space 87424K,   2% used [0x0f0a0000, 0x0f29ab38, 0x0f29ac00, 0x14600000)
 Metaspace       used 11469K, capacity 11799K, committed 11904K, reserved 12672K
Event: 1.150 GC heap after
Heap after GC invocations=2 (full 0):
 def new generation   total 39296K, used 4352K [0x04600000, 0x070a0000, 0x0f0a0000)
  eden space 34944K,   0% used [0x04600000, 0x04600000, 0x06820000)
  from space 4352K, 100% used [0x06820000, 0x06c60000, 0x06c60000)
  to   space 4352K,   0% used [0x06c60000, 0x06c60000, 0x070a0000)
 tenured generation   total 87424K, used 6469K [0x0f0a0000, 0x14600000, 0x24600000)
   the space 87424K,   7% used [0x0f0a0000, 0x0f6f1668, 0x0f6f1800, 0x14600000)
 Metaspace       used 11469K, capacity 11799K, committed 11904K, reserved 12672K
}
Event: 1.435 GC heap before
{Heap before GC invocations=2 (full 0):
 def new generation   total 39296K, used 17670K [0x04600000, 0x070a0000, 0x0f0a0000)
  eden space 34944K,  38% used [0x04600000, 0x05301928, 0x06820000)
  from space 4352K, 100% used [0x06820000, 0x06c60000, 0x06c60000)
  to   space 4352K,   0% used [0x06c60000, 0x06c60000, 0x070a0000)
 tenured generation   total 87424K, used 6469K [0x0f0a0000, 0x14600000, 0x24600000)
   the space 87424K,   7% used [0x0f0a0000, 0x0f6f1668, 0x0f6f1800, 0x14600000)
 Metaspace       used 11944K, capacity 12282K, committed 12288K, reserved 12672K
Event: 1.454 GC heap after
Heap after GC invocations=3 (full 1):
 def new generation   total 39424K, used 0K [0x04600000, 0x070c0000, 0x0f0a0000)
  eden space 35072K,   0% used [0x04600000, 0x04600000, 0x06840000)
  from space 4352K,   0% used [0x06840000, 0x06840000, 0x06c80000)
  to   space 4352K,   0% used [0x06c80000, 0x06c80000, 0x070c0000)
 tenured generation   total 87424K, used 10041K [0x0f0a0000, 0x14600000, 0x24600000)
   the space 87424K,  11% used [0x0f0a0000, 0x0fa6e798, 0x0fa6e800, 0x14600000)
 Metaspace       used 11944K, capacity 12282K, committed 12288K, reserved 12672K
}
Event: 2.330 GC heap before
{Heap before GC invocations=3 (full 1):
 def new generation   total 39424K, used 35072K [0x04600000, 0x070c0000, 0x0f0a0000)
  eden space 35072K, 100% used [0x04600000, 0x06840000, 0x06840000)
  from space 4352K,   0% used [0x06840000, 0x06840000, 0x06c80000)
  to   space 4352K,   0% used [0x06c80000, 0x06c80000, 0x070c0000)
 tenured generation   total 87424K, used 10041K [0x0f0a0000, 0x14600000, 0x24600000)
   the space 87424K,  11% used [0x0f0a0000, 0x0fa6e798, 0x0fa6e800, 0x14600000)
 Metaspace       used 16870K, capacity 17266K, committed 17408K, reserved 17792K
Event: 2.342 GC heap after
Heap after GC invocations=4 (full 1):
 def new generation   total 39424K, used 4352K [0x04600000, 0x070c0000, 0x0f0a0000)
  eden space 35072K,   0% used [0x04600000, 0x04600000, 0x06840000)
  from space 4352K, 100% used [0x06c80000, 0x070c0000, 0x070c0000)
  to   space 4352K,   0% used [0x06840000, 0x06840000, 0x06c80000)
 tenured generation   total 87424K, used 15707K [0x0f0a0000, 0x14600000, 0x24600000)
   the space 87424K,  17% used [0x0f0a0000, 0x0fff6ed8, 0x0fff7000, 0x14600000)
 Metaspace       used 16870K, capacity 17266K, committed 17408K, reserved 17792K
}

Deoptimization events (0 events):
No events

Internal exceptions (10 events):
Event: 26.950 Thread 0x26a5cc00 Exception <a 'sun/nio/fs/WindowsException'> (0x05b9dd50) thrown at [C:\re\workspace\8-2-build-windows-i586-cygwin\jdk8u91\6644\hotspot\src\share\vm\prims\jni.cpp, line 709]
Event: 26.950 Thread 0x26a5cc00 Exception <a 'sun/nio/fs/WindowsException'> (0x05b9e3f8) thrown at [C:\re\workspace\8-2-build-windows-i586-cygwin\jdk8u91\6644\hotspot\src\share\vm\prims\jni.cpp, line 709]
Event: 26.951 Thread 0x26a5cc00 Exception <a 'sun/nio/fs/WindowsException'> (0x05bab258) thrown at [C:\re\workspace\8-2-build-windows-i586-cygwin\jdk8u91\6644\hotspot\src\share\vm\prims\jni.cpp, line 709]
Event: 26.951 Thread 0x26a5cc00 Exception <a 'sun/nio/fs/WindowsException'> (0x05bab918) thrown at [C:\re\workspace\8-2-build-windows-i586-cygwin\jdk8u91\6644\hotspot\src\share\vm\prims\jni.cpp, line 709]
Event: 26.954 Thread 0x26a5cc00 Exception <a 'sun/nio/fs/WindowsException'> (0x05bf16e8) thrown at [C:\re\workspace\8-2-build-windows-i586-cygwin\jdk8u91\6644\hotspot\src\share\vm\prims\jni.cpp, line 709]
Event: 26.954 Thread 0x26a5cc00 Exception <a 'sun/nio/fs/WindowsException'> (0x05bf1d98) thrown at [C:\re\workspace\8-2-build-windows-i586-cygwin\jdk8u91\6644\hotspot\src\share\vm\prims\jni.cpp, line 709]
Event: 26.954 Thread 0x26a5cc00 Exception <a 'sun/nio/fs/WindowsException'> (0x05bfc350) thrown at [C:\re\workspace\8-2-build-windows-i586-cygwin\jdk8u91\6644\hotspot\src\share\vm\prims\jni.cpp, line 709]
Event: 26.955 Thread 0x26a5cc00 Exception <a 'sun/nio/fs/WindowsException'> (0x05bfc9e8) thrown at [C:\re\workspace\8-2-build-windows-i586-cygwin\jdk8u91\6644\hotspot\src\share\vm\prims\jni.cpp, line 709]
Event: 26.956 Thread 0x26a5cc00 Exception <a 'sun/nio/fs/WindowsException'> (0x05c069f8) thrown at [C:\re\workspace\8-2-build-windows-i586-cygwin\jdk8u91\6644\hotspot\src\share\vm\prims\jni.cpp, line 709]
Event: 26.956 Thread 0x26a5cc00 Exception <a 'sun/nio/fs/WindowsException'> (0x05c06fb0) thrown at [C:\re\workspace\8-2-build-windows-i586-cygwin\jdk8u91\6644\hotspot\src\share\vm\prims\jni.cpp, line 709]

Events (10 events):
Event: 30.351 loading class javax/swing/JComponent$KeyboardState
Event: 30.351 loading class javax/swing/JComponent$KeyboardState done
Event: 30.351 loading class javax/swing/JComponent$IntVector
Event: 30.351 loading class javax/swing/JComponent$IntVector done
Event: 30.351 loading class javax/swing/Popup$HeavyWeightWindow
Event: 30.351 loading class sun/awt/ModalExclude
Event: 30.351 loading class sun/awt/ModalExclude done
Event: 30.351 loading class javax/swing/JWindow
Event: 30.351 loading class javax/swing/JWindow done
Event: 30.351 loading class javax/swing/Popup$HeavyWeightWindow done


Dynamic libraries:
0x000e0000 - 0x00113000 	C:\Users\ablat\Downloads\Software\Energia\java\bin\javaw.exe
0x77530000 - 0x776b3000 	C:\Windows\SYSTEM32\ntdll.dll
0x766d0000 - 0x767b0000 	C:\Windows\System32\KERNEL32.DLL
0x77380000 - 0x77521000 	C:\Windows\System32\KERNELBASE.dll
0x76db0000 - 0x76e27000 	C:\Windows\System32\ADVAPI32.dll
0x767b0000 - 0x7686e000 	C:\Windows\System32\msvcrt.dll
0x76680000 - 0x766c1000 	C:\Windows\System32\sechost.dll
0x74c80000 - 0x74d41000 	C:\Windows\System32\RPCRT4.dll
0x73ff0000 - 0x7400e000 	C:\Windows\System32\SspiCli.dll
0x73fe0000 - 0x73fea000 	C:\Windows\System32\CRYPTBASE.dll
0x76e90000 - 0x76eea000 	C:\Windows\System32\bcryptPrimitives.dll
0x77220000 - 0x7737f000 	C:\Windows\System32\USER32.dll
0x74b60000 - 0x74b75000 	C:\Windows\System32\win32u.dll
0x771f0000 - 0x7721b000 	C:\Windows\System32\GDI32.dll
0x74a00000 - 0x74b5a000 	C:\Windows\System32\gdi32full.dll
0x6df50000 - 0x6e15a000 	C:\Windows\WinSxS\x86_microsoft.windows.common-controls_6595b64144ccf1df_6.0.14393.953_none_89c2555adb023171\COMCTL32.dll
0x76320000 - 0x76531000 	C:\Windows\System32\combase.dll
0x76c00000 - 0x76ce0000 	C:\Windows\System32\ucrtbase.dll
0x765b0000 - 0x765d5000 	C:\Windows\System32\IMM32.DLL
0x6a020000 - 0x6a0df000 	C:\Users\ablat\Downloads\Software\Energia\java\bin\msvcr100.dll
0x77c30000 - 0x77ffa000 	C:\Users\ablat\Downloads\Software\Energia\java\bin\client\jvm.dll
0x74010000 - 0x74016000 	C:\Windows\System32\PSAPI.DLL
0x6db30000 - 0x6db54000 	C:\Windows\SYSTEM32\WINMM.dll
0x6e2d0000 - 0x6e2d8000 	C:\Windows\SYSTEM32\WSOCK32.dll
0x73a00000 - 0x73a08000 	C:\Windows\SYSTEM32\VERSION.dll
0x74c10000 - 0x74c73000 	C:\Windows\System32\WS2_32.dll
0x6cb50000 - 0x6cb73000 	C:\Windows\SYSTEM32\WINMMBASE.dll
0x74020000 - 0x74056000 	C:\Windows\System32\cfgmgr32.dll
0x6cc60000 - 0x6cc91000 	C:\Users\ablat\Downloads\Software\Energia\java\bin\splashscreen.dll
0x6dec0000 - 0x6df35000 	C:\Windows\system32\uxtheme.dll
0x6dae0000 - 0x6daec000 	C:\Users\ablat\Downloads\Software\Energia\java\bin\verify.dll
0x6c520000 - 0x6c541000 	C:\Users\ablat\Downloads\Software\Energia\java\bin\java.dll
0x76ac0000 - 0x76bf5000 	C:\Windows\System32\MSCTF.dll
0x74d60000 - 0x74df4000 	C:\Windows\System32\OLEAUT32.dll
0x76870000 - 0x768eb000 	C:\Windows\System32\msvcp_win.dll
0x6c500000 - 0x6c513000 	C:\Users\ablat\Downloads\Software\Energia\java\bin\zip.dll
0x745e0000 - 0x745ed000 	C:\Windows\System32\kernel.appcore.dll
0x74f40000 - 0x76318000 	C:\Windows\System32\SHELL32.dll
0x74060000 - 0x745ce000 	C:\Windows\System32\windows.storage.dll
0x74ef0000 - 0x74f35000 	C:\Windows\System32\powrprof.dll
0x76560000 - 0x765a6000 	C:\Windows\System32\shlwapi.dll
0x769e0000 - 0x76a68000 	C:\Windows\System32\shcore.dll
0x74d50000 - 0x74d5f000 	C:\Windows\System32\profapi.dll
0x69ed0000 - 0x6a015000 	C:\Users\ablat\Downloads\Software\Energia\java\bin\awt.dll
0x6bca0000 - 0x6bd32000 	C:\Windows\SYSTEM32\apphelp.dll
0x6dc20000 - 0x6dc3f000 	C:\Windows\system32\dwmapi.dll
0x74e00000 - 0x74eec000 	C:\Windows\System32\ole32.dll
0x6c4e0000 - 0x6c4f6000 	C:\Users\ablat\Downloads\Software\Energia\java\bin\net.dll
0x73990000 - 0x739de000 	C:\Windows\system32\mswsock.dll
0x73e40000 - 0x73e6f000 	C:\Windows\SYSTEM32\IPHLPAPI.DLL
0x76d40000 - 0x76d47000 	C:\Windows\System32\NSI.dll
0x61740000 - 0x6176c000 	C:\Users\ablat\Downloads\Software\Energia\lib\listSerialsj.dll
0x745f0000 - 0x749fb000 	C:\Windows\System32\SETUPAPI.dll
0x6ee80000 - 0x6ee93000 	C:\Windows\SYSTEM32\dhcpcsvc6.DLL
0x6ee60000 - 0x6ee74000 	C:\Windows\SYSTEM32\dhcpcsvc.DLL
0x70330000 - 0x70343000 	C:\Windows\SYSTEM32\CRYPTSP.dll
0x70300000 - 0x7032f000 	C:\Windows\system32\rsaenh.dll
0x73820000 - 0x7383b000 	C:\Windows\SYSTEM32\bcrypt.dll
0x739e0000 - 0x739fa000 	C:\Windows\SYSTEM32\USERENV.dll
0x6ccd0000 - 0x6ccdf000 	C:\Users\ablat\Downloads\Software\Energia\java\bin\nio.dll
0x25f50000 - 0x25f8d000 	C:\Users\ablat\AppData\Local\Temp\jna-92607966\jna4238413232623298052.dll
0x6f1c0000 - 0x6f23d000 	C:\Windows\SYSTEM32\DNSAPI.dll
0x6e310000 - 0x6e318000 	C:\Windows\System32\rasadhlp.dll
0x6c4a0000 - 0x6c4d9000 	C:\Users\ablat\Downloads\Software\Energia\java\bin\fontmanager.dll
0x69e90000 - 0x69ec2000 	C:\Users\ablat\Downloads\Software\Energia\java\bin\t2k.dll
0x6c3d0000 - 0x6c419000 	C:\Windows\System32\fwpuclnt.dll
0x6da60000 - 0x6da82000 	C:\Windows\SYSTEM32\DEVOBJ.dll
0x76a70000 - 0x76ab4000 	C:\Windows\System32\WINTRUST.dll
0x745d0000 - 0x745de000 	C:\Windows\System32\MSASN1.dll
0x77070000 - 0x771ed000 	C:\Windows\System32\CRYPT32.dll
0x58800000 - 0x58869000 	C:\Users\ablat\Downloads\Software\Energia\msvcp100.dll
0x55cf0000 - 0x55dae000 	C:\Users\ablat\Downloads\Software\Energia\msvcr100.dll
0x28030000 - 0x28062000 	C:\Users\ablat\Downloads\Software\Energia\lib\AStylej.dll
0x6c460000 - 0x6c484000 	C:\Users\ablat\Downloads\Software\Energia\java\bin\dcpr.dll
0x74b80000 - 0x74c04000 	C:\Windows\System32\clbcatq.dll
0x60310000 - 0x6047e000 	C:\Windows\SYSTEM32\WindowsCodecs.dll
0x6d7e0000 - 0x6d824000 	C:\Windows\system32\dataexchange.dll
0x6d490000 - 0x6d6c0000 	C:\Windows\system32\d3d11.dll
0x6d6c0000 - 0x6d7d3000 	C:\Windows\system32\dcomp.dll
0x6db80000 - 0x6dc03000 	C:\Windows\system32\dxgi.dll
0x6d390000 - 0x6d481000 	C:\Windows\system32\twinapi.appcore.dll
0x6e3e0000 - 0x6e525000 	C:\Windows\SYSTEM32\dbghelp.dll

VM Arguments:
jvm_args: -Dsun.java2d.d3d=false -Djna.nosys=true -DAPP_DIR=C:\Users\ablat\Downloads\Software\Energia -Xms128M -Xmx512M 
java_command: processing.app.Base C:\Users\ablat\Documents\Berkeley\EE 16B\ee16b\fa17\lab\dev\project\System ID\dynamics_data\dynamics_data.ino
java_class_path (initial): C:\Users\ablat\Downloads\Software\Energia\lib\apple.jar;C:\Users\ablat\Downloads\Software\Energia\lib\arduino-core.jar;C:\Users\ablat\Downloads\Software\Energia\lib\batik-1.8.jar;C:\Users\ablat\Downloads\Software\Energia\lib\batik-anim-1.8.jar;C:\Users\ablat\Downloads\Software\Energia\lib\batik-awt-util-1.8.jar;C:\Users\ablat\Downloads\Software\Energia\lib\batik-bridge-1.8.jar;C:\Users\ablat\Downloads\Software\Energia\lib\batik-codec-1.8.jar;C:\Users\ablat\Downloads\Software\Energia\lib\batik-css-1.8.jar;C:\Users\ablat\Downloads\Software\Energia\lib\batik-dom-1.8.jar;C:\Users\ablat\Downloads\Software\Energia\lib\batik-ext-1.8.jar;C:\Users\ablat\Downloads\Software\Energia\lib\batik-gvt-1.8.jar;C:\Users\ablat\Downloads\Software\Energia\lib\batik-parser-1.8.jar;C:\Users\ablat\Downloads\Software\Energia\lib\batik-rasterizer-1.8.jar;C:\Users\ablat\Downloads\Software\Energia\lib\batik-script-1.8.jar;C:\Users\ablat\Downloads\Software\Energia\lib\batik-squiggle-1.8.jar;C:\Users\ablat\Downloads\Software\Energia\lib\batik-svg-dom-1.8.jar;C:\Users\ablat\Downloads\Software\Energia\lib\batik-svgpp-1.8.jar;C:\Users\ablat\Downloads\Software\Energia\lib\batik-transcoder-1.8.jar;C:\Users\ablat\Downloads\Software\Energia\lib\batik-util-1.8.jar;C:\Users\ablat\Downloads\Software\Energia\lib\batik-xml-1.8.jar;C:\Users\ablat\Downloads\Software\Energia\lib\bcpg-jdk15on-152.jar;C:\Users\ablat\Downloads\Software\Energia\lib\bcprov-jdk15on-152.jar;C:\Users\ablat\Downloads\Software\Energia\lib\commons-codec-1.7.jar;C:\Users\ablat\Downloads\Software\Energia\lib\commons-compress-1.8.jar;C:\Users\ablat\Downloads\Software\Energia\lib\commons-exec-1.1.jar;C:\Users\ablat\Downloads\Software\Energia\lib\commons-httpclient-3.1.jar;C:\Users\ablat\Downloads\Software\Energia\lib\commons-lang3-3.3.2.jar;C:\Users\ablat\Downloads\Software\Energia\lib\commons-logging-1.0.4.jar;C:\Users\ablat\Downloads\Software\Energia\lib\commons-net-3.3.jar;C:\Users\ablat\Downloads\Software\Ener
Launcher Type: SUN_STANDARD

Environment Variables:
PATH=C:\Program Files\Gurobi\win64\bin;C:\Program Files (x86)\Intel\iCLS Client\;C:\Program Files\Intel\iCLS Client\;C:\Windows\system32;C:\Windows;C:\Windows\System32\Wbem;C:\Windows\System32\WindowsPowerShell\v1.0\;C:\Program Files (x86)\Intel\Intel(R) Management Engine Components\DAL;C:\Program Files\Intel\Intel(R) Management Engine Components\DAL;C:\Program Files (x86)\Intel\Intel(R) Management Engine Components\IPT;C:\Program Files\Intel\Intel(R) Management Engine Components\IPT;C:\Program Files (x86)\NVIDIA Corporation\PhysX\Common;C:\Program Files\MATLAB\R2016b\runtime\win64;C:\Program Files\MATLAB\R2016b\bin;C:\Program Files\Git\cmd;C:\Program Files (x86)\Nordic Semiconductor\nrf5x\bin\;C:\Program Files\MiKTeX 2.9\miktex\bin\x64\;C:\Program Files (x86)\PuTTY\;C:\Program Files\MATLAB\R2015b\runtime\win64;C:\Program Files\MATLAB\R2015b\bin;C:\Program Files (x86)\GNU Tools ARM Embedded\5.3 2016q1\bin;C:\Program Files (x86)\GNU Tools ARM Embedded\4.9 2015q3\bin;C:\Anaconda3;C:\Anaconda3\Scripts;C:\Anaconda3\Library\bin;C:\Users\ablat\AppData\Local\Microsoft\WindowsApps;C:\MinGW\bin;C:\Users\ablat\Downloads\Software\Energia\java\bin
USERNAME=ablat
OS=Windows_NT
PROCESSOR_IDENTIFIER=Intel64 Family 6 Model 94 Stepping 3, GenuineIntel



---------------  S Y S T E M  ---------------

OS: Windows 10.0 , 64 bit Build 14393 (10.0.14393.1198)

CPU:total 8 (4 cores per cpu, 2 threads per core) family 6 model 94 stepping 3, cmov, cx8, fxsr, mmx, sse, sse2, sse3, ssse3, sse4.1, sse4.2, popcnt, avx, avx2, aes, clmul, erms, rtm, 3dnowpref, lzcnt, ht, tsc, tscinvbit, bmi1, bmi2, adx

Memory: 4k page, physical 16628288k(8903240k free), swap 19118656k(9513240k free)

vm_info: Java HotSpot(TM) Client VM (25.91-b14) for windows-x86 JRE (1.8.0_91-b14), built on Apr  1 2016 01:01:28 by "java_re" with MS VC++ 10.0 (VS2010)

time: Tue Jul 25 20:42:56 2017
elapsed time: 37 seconds (0d 0h 0m 37s)

