#
# A fatal error has been detected by the Java Runtime Environment:
#
#  EXCEPTION_ACCESS_VIOLATION (0xc0000005) at pc=0x617493cd, pid=12448, tid=5776
#
# JRE version: Java(TM) SE Runtime Environment (8.0_91-b14) (build 1.8.0_91-b14)
# Java VM: Java HotSpot(TM) Client VM (25.91-b14 mixed mode windows-x86 )
# Problematic frame:
# C  [listSerialsj.dll+0x93cd]
#
# Failed to write core dump. Minidumps are not enabled by default on client versions of Windows
#
# If you would like to submit a bug report, please visit:
#   http://bugreport.java.com/bugreport/crash.jsp
# The crash happened outside the Java Virtual Machine in native code.
# See problematic frame for where to report the bug.
#

---------------  T H R E A D  ---------------

Current thread (0x25c5cc00):  JavaThread "cc.arduino.packages.discoverers.serial.SerialBoardsLister" [_thread_in_native, id=5776, stack(0x26aa0000,0x26af0000)]

siginfo: ExceptionCode=0xc0000005, writing address 0x00000000

Registers:
EAX=0x00000000, EBX=0x000009e8, ECX=0x00000000, EDX=0x00000001
ESP=0x26aef1b0, EBP=0x26aef608, ESI=0x00000001, EDI=0x00af9d78
EIP=0x617493cd, EFLAGS=0x00010246

Top of Stack: (sp=0x26aef1b0)
0x26aef1b0:   00e1ecb8 0000002e 00000002 00000000
0x26aef1c0:   00000003 00000000 00000000 00000000
0x26aef1d0:   26aef270 02b08ea0 0000006c 7461a540
0x26aef1e0:   27e02d70 00aef234 00af9720 0000008c
0x26aef1f0:   26aef270 77c4620b 00000012 00000002
0x26aef200:   00000001 0000006c 0000004d 0000008c
0x26aef210:   008c0000 00000000 344d4f43 00aef700
0x26aef220:   00425355 26aef434 77d9d0b2 26aef4d4 

Instructions: (pc=0x617493cd)
0x617493ad:   8b 45 08 8b 90 94 00 00 00 85 d2 74 16 8b 40 2c
0x617493bd:   c7 44 24 04 2e 00 00 00 89 04 24 e8 73 14 00 00
0x617493cd:   c6 00 00 8d 85 04 fc ff ff 89 44 24 18 8d 85 0a
0x617493dd:   fc ff ff 89 44 24 10 a1 e4 01 75 61 c7 85 04 fc 


Register to memory mapping:

EAX=0x00000000 is an unknown value
EBX=0x000009e8 is an unknown value
ECX=0x00000000 is an unknown value
EDX=0x00000001 is an unknown value
ESP=0x26aef1b0 is pointing into the stack for thread: 0x25c5cc00
EBP=0x26aef608 is pointing into the stack for thread: 0x25c5cc00
ESI=0x00000001 is an unknown value
EDI=0x00af9d78 is an unknown value


Stack: [0x26aa0000,0x26af0000],  sp=0x26aef1b0,  free space=316k
Native frames: (J=compiled Java code, j=interpreted, Vv=VM code, C=native code)
C  [listSerialsj.dll+0x93cd]
C  [listSerialsj.dll+0x2211]

Java frames: (J=compiled Java code, j=interpreted, Vv=VM code)
j  processing.app.Platform.listSerialsNative()[Ljava/lang/String;+0
j  processing.app.Platform.listSerials()Ljava/util/List;+5
j  cc.arduino.packages.discoverers.serial.SerialBoardsLister.retriggerDiscovery(Z)V+22
j  cc.arduino.packages.discoverers.serial.SerialBoardsLister.run()V+9
j  java.util.TimerThread.mainLoop()V+221
j  java.util.TimerThread.run()V+1
v  ~StubRoutines::call_stub

---------------  P R O C E S S  ---------------

Java Threads: ( => current thread )
  0x2758f000 JavaThread "DestroyJavaVM" [_thread_blocked, id=1304, stack(0x02530000,0x02580000)]
  0x2758e800 JavaThread "Timer-0" [_thread_blocked, id=13196, stack(0x266f0000,0x26740000)]
  0x27589000 JavaThread "TimerQueue" daemon [_thread_blocked, id=5228, stack(0x28700000,0x28750000)]
  0x27588000 JavaThread "Batik CleanerThread" daemon [_thread_blocked, id=2812, stack(0x281a0000,0x281f0000)]
  0x2758cc00 JavaThread "AWT-EventQueue-0" [_thread_blocked, id=14580, stack(0x280d0000,0x28120000)]
  0x2758d000 JavaThread "AWT-Shutdown" [_thread_blocked, id=7108, stack(0x28040000,0x28090000)]
  0x2758c400 JavaThread "JmDNS(fe80:0:0:0:71ec:97eb:a789:c353%wlan2.local.).Timer" daemon [_thread_blocked, id=792, stack(0x27db0000,0x27e00000)]
  0x2758bc00 JavaThread "JmDNS(fe80:0:0:0:71ec:97eb:a789:c353%wlan2.local.).State.Timer" [_thread_blocked, id=15676, stack(0x26fd0000,0x27020000)]
  0x2758f800 JavaThread "JmDNS(fe80:0:0:0:71ec:97eb:a789:c353%wlan2.local.).Timer" daemon [_thread_blocked, id=12608, stack(0x269e0000,0x26a30000)]
  0x25e66c00 JavaThread "SocketListener(fe80:0:0:0:71ec:97eb:a789:c353%wlan2.local.)" daemon [_thread_in_native, id=9848, stack(0x260d0000,0x26120000)]
  0x25e66000 JavaThread "JmDNS(ablatner-laptop.local.).Timer" daemon [_thread_blocked, id=3488, stack(0x26950000,0x269a0000)]
  0x25e64400 JavaThread "JmDNS(ablatner-laptop.local.).State.Timer" [_thread_blocked, id=15324, stack(0x268c0000,0x26910000)]
  0x25e63400 JavaThread "JmDNS(ablatner-laptop.local.).Timer" daemon [_thread_blocked, id=6784, stack(0x26830000,0x26880000)]
  0x25e65800 JavaThread "SocketListener(ablatner-laptop.local.)" daemon [_thread_in_native, id=10132, stack(0x267a0000,0x267f0000)]
  0x25e66400 JavaThread "JmDNS(ablatner-laptop.local.).Timer" daemon [_thread_blocked, id=9576, stack(0x26560000,0x265b0000)]
  0x25e65000 JavaThread "JmDNS(ablatner-laptop.local.).State.Timer" [_thread_blocked, id=14828, stack(0x264d0000,0x26520000)]
  0x25e63800 JavaThread "JmDNS(ablatner-laptop.local.).Timer" daemon [_thread_blocked, id=9008, stack(0x26440000,0x26490000)]
  0x25e64c00 JavaThread "SocketListener(ablatner-laptop.local.)" daemon [_thread_in_native, id=5412, stack(0x263b0000,0x26400000)]
  0x25e64000 JavaThread "JmDNS(10-105-138-241.local.).Timer" daemon [_thread_blocked, id=8556, stack(0x27320000,0x27370000)]
  0x25e42c00 JavaThread "JmDNS(10-105-138-241.local.).State.Timer" [_thread_blocked, id=7756, stack(0x27290000,0x272e0000)]
  0x25e2ec00 JavaThread "JmDNS(10-105-138-241.local.).Timer" daemon [_thread_blocked, id=8780, stack(0x27200000,0x27250000)]
  0x25e4c400 JavaThread "SocketListener(10-105-138-241.local.)" daemon [_thread_in_native, id=13104, stack(0x27170000,0x271c0000)]
  0x25ce0000 JavaThread "cc.arduino.packages.discoverers.network.BoardReachabilityFilter" [_thread_blocked, id=14756, stack(0x26bc0000,0x26c10000)]
  0x25c5d400 JavaThread "cc.arduino.packages.discoverers.network.NetworkChecker" [_thread_in_native, id=8652, stack(0x26b30000,0x26b80000)]
=>0x25c5cc00 JavaThread "cc.arduino.packages.discoverers.serial.SerialBoardsLister" [_thread_in_native, id=5776, stack(0x26aa0000,0x26af0000)]
  0x25c5a000 JavaThread "AWT-Windows" daemon [_thread_in_native, id=5360, stack(0x26160000,0x261b0000)]
  0x25c58c00 JavaThread "Java2D Disposer" daemon [_thread_blocked, id=10860, stack(0x26040000,0x26090000)]
  0x25628000 JavaThread "Service Thread" daemon [_thread_blocked, id=15592, stack(0x25a30000,0x25a80000)]
  0x25607000 JavaThread "C1 CompilerThread0" daemon [_thread_blocked, id=8168, stack(0x259a0000,0x259f0000)]
  0x25605c00 JavaThread "Attach Listener" daemon [_thread_blocked, id=11684, stack(0x25910000,0x25960000)]
  0x25604000 JavaThread "Signal Dispatcher" daemon [_thread_blocked, id=8064, stack(0x25220000,0x25270000)]
  0x255fb800 JavaThread "Finalizer" daemon [_thread_blocked, id=2104, stack(0x25190000,0x251e0000)]
  0x255e5c00 JavaThread "Reference Handler" daemon [_thread_blocked, id=13184, stack(0x25100000,0x25150000)]

Other Threads:
  0x0269ec00 VMThread [stack: 0x04980000,0x049d0000] [id=9528]
  0x25636000 WatcherThread [stack: 0x25ac0000,0x25b10000] [id=15148]

VM state:not at safepoint (normal execution)

VM Mutex/Monitor currently owned by a thread: None

Heap:
 def new generation   total 39424K, used 34322K [0x04a00000, 0x074c0000, 0x0f4a0000)
  eden space 35072K,  85% used [0x04a00000, 0x067449b0, 0x06c40000)
  from space 4352K, 100% used [0x07080000, 0x074c0000, 0x074c0000)
  to   space 4352K,   0% used [0x06c40000, 0x06c40000, 0x07080000)
 tenured generation   total 87424K, used 15741K [0x0f4a0000, 0x14a00000, 0x24a00000)
   the space 87424K,  18% used [0x0f4a0000, 0x103ff630, 0x103ff800, 0x14a00000)
 Metaspace       used 17146K, capacity 17520K, committed 17536K, reserved 17792K

Card table byte_map: [0x24a00000,0x24b10000] byte_map_base: 0x249db000

Polling page: 0x00e00000

CodeCache: size=32768Kb used=2626Kb max_used=2634Kb free=30141Kb
 bounds [0x02880000, 0x02b18000, 0x04880000]
 total_blobs=1645 nmethods=1374 adapters=200
 compilation: enabled

Compilation events (10 events):
Event: 34.111 Thread 0x25607000 1389             org.fife.ui.rsyntaxtextarea.TokenImpl::getListOffset (244 bytes)
Event: 34.113 Thread 0x25607000 nmethod 1389 0x02b0fe88 code [0x02b0ffc0, 0x02b102f8]
Event: 34.175 Thread 0x25607000 1390   !         java.awt.EventDispatchThread::pumpOneEventForFilters (295 bytes)
Event: 34.180 Thread 0x25607000 nmethod 1390 0x02b10788 code [0x02b10a00, 0x02b114f4]
Event: 36.217 Thread 0x25607000 1391             java.util.ArrayList::<init> (61 bytes)
Event: 36.218 Thread 0x25607000 nmethod 1391 0x02b12848 code [0x02b12980, 0x02b12cb0]
Event: 37.858 Thread 0x25607000 1392             sun.java2d.pipe.Region::clipScale (41 bytes)
Event: 37.858 Thread 0x25607000 nmethod 1392 0x0294c3c8 code [0x0294c500, 0x0294c5fc]
Event: 37.884 Thread 0x25607000 1393             java.awt.geom.Point2D::<init> (5 bytes)
Event: 37.884 Thread 0x25607000 nmethod 1393 0x0294c208 code [0x0294c300, 0x0294c380]

GC Heap History (8 events):
Event: 0.725 GC heap before
{Heap before GC invocations=0 (full 0):
 def new generation   total 39296K, used 34944K [0x04a00000, 0x074a0000, 0x0f4a0000)
  eden space 34944K, 100% used [0x04a00000, 0x06c20000, 0x06c20000)
  from space 4352K,   0% used [0x06c20000, 0x06c20000, 0x07060000)
  to   space 4352K,   0% used [0x07060000, 0x07060000, 0x074a0000)
 tenured generation   total 87424K, used 0K [0x0f4a0000, 0x14a00000, 0x24a00000)
   the space 87424K,   0% used [0x0f4a0000, 0x0f4a0000, 0x0f4a0200, 0x14a00000)
 Metaspace       used 8040K, capacity 8195K, committed 8320K, reserved 8576K
Event: 0.735 GC heap after
Heap after GC invocations=1 (full 0):
 def new generation   total 39296K, used 4352K [0x04a00000, 0x074a0000, 0x0f4a0000)
  eden space 34944K,   0% used [0x04a00000, 0x04a00000, 0x06c20000)
  from space 4352K, 100% used [0x07060000, 0x074a0000, 0x074a0000)
  to   space 4352K,   0% used [0x06c20000, 0x06c20000, 0x07060000)
 tenured generation   total 87424K, used 2025K [0x0f4a0000, 0x14a00000, 0x24a00000)
   the space 87424K,   2% used [0x0f4a0000, 0x0f69a780, 0x0f69a800, 0x14a00000)
 Metaspace       used 8040K, capacity 8195K, committed 8320K, reserved 8576K
}
Event: 1.235 GC heap before
{Heap before GC invocations=1 (full 0):
 def new generation   total 39296K, used 39296K [0x04a00000, 0x074a0000, 0x0f4a0000)
  eden space 34944K, 100% used [0x04a00000, 0x06c20000, 0x06c20000)
  from space 4352K, 100% used [0x07060000, 0x074a0000, 0x074a0000)
  to   space 4352K,   0% used [0x06c20000, 0x06c20000, 0x07060000)
 tenured generation   total 87424K, used 2025K [0x0f4a0000, 0x14a00000, 0x24a00000)
   the space 87424K,   2% used [0x0f4a0000, 0x0f69a780, 0x0f69a800, 0x14a00000)
 Metaspace       used 11191K, capacity 11479K, committed 11520K, reserved 11648K
Event: 1.248 GC heap after
Heap after GC invocations=2 (full 0):
 def new generation   total 39296K, used 4352K [0x04a00000, 0x074a0000, 0x0f4a0000)
  eden space 34944K,   0% used [0x04a00000, 0x04a00000, 0x06c20000)
  from space 4352K, 100% used [0x06c20000, 0x07060000, 0x07060000)
  to   space 4352K,   0% used [0x07060000, 0x07060000, 0x074a0000)
 tenured generation   total 87424K, used 6188K [0x0f4a0000, 0x14a00000, 0x24a00000)
   the space 87424K,   7% used [0x0f4a0000, 0x0faab0f0, 0x0faab200, 0x14a00000)
 Metaspace       used 11191K, capacity 11479K, committed 11520K, reserved 11648K
}
Event: 1.628 GC heap before
{Heap before GC invocations=2 (full 0):
 def new generation   total 39296K, used 16775K [0x04a00000, 0x074a0000, 0x0f4a0000)
  eden space 34944K,  35% used [0x04a00000, 0x05621d50, 0x06c20000)
  from space 4352K, 100% used [0x06c20000, 0x07060000, 0x07060000)
  to   space 4352K,   0% used [0x07060000, 0x07060000, 0x074a0000)
 tenured generation   total 87424K, used 6188K [0x0f4a0000, 0x14a00000, 0x24a00000)
   the space 87424K,   7% used [0x0f4a0000, 0x0faab0f0, 0x0faab200, 0x14a00000)
 Metaspace       used 11955K, capacity 12282K, committed 12288K, reserved 12672K
Event: 1.649 GC heap after
Heap after GC invocations=3 (full 1):
 def new generation   total 39424K, used 0K [0x04a00000, 0x074c0000, 0x0f4a0000)
  eden space 35072K,   0% used [0x04a00000, 0x04a00000, 0x06c40000)
  from space 4352K,   0% used [0x06c40000, 0x06c40000, 0x07080000)
  to   space 4352K,   0% used [0x07080000, 0x07080000, 0x074c0000)
 tenured generation   total 87424K, used 9752K [0x0f4a0000, 0x14a00000, 0x24a00000)
   the space 87424K,  11% used [0x0f4a0000, 0x0fe262d8, 0x0fe26400, 0x14a00000)
 Metaspace       used 11955K, capacity 12282K, committed 12288K, reserved 12672K
}
Event: 2.366 GC heap before
{Heap before GC invocations=3 (full 1):
 def new generation   total 39424K, used 35072K [0x04a00000, 0x074c0000, 0x0f4a0000)
  eden space 35072K, 100% used [0x04a00000, 0x06c40000, 0x06c40000)
  from space 4352K,   0% used [0x06c40000, 0x06c40000, 0x07080000)
  to   space 4352K,   0% used [0x07080000, 0x07080000, 0x074c0000)
 tenured generation   total 87424K, used 9752K [0x0f4a0000, 0x14a00000, 0x24a00000)
   the space 87424K,  11% used [0x0f4a0000, 0x0fe262d8, 0x0fe26400, 0x14a00000)
 Metaspace       used 16860K, capacity 17266K, committed 17408K, reserved 17792K
Event: 2.380 GC heap after
Heap after GC invocations=4 (full 1):
 def new generation   total 39424K, used 4352K [0x04a00000, 0x074c0000, 0x0f4a0000)
  eden space 35072K,   0% used [0x04a00000, 0x04a00000, 0x06c40000)
  from space 4352K, 100% used [0x07080000, 0x074c0000, 0x074c0000)
  to   space 4352K,   0% used [0x06c40000, 0x06c40000, 0x07080000)
 tenured generation   total 87424K, used 15741K [0x0f4a0000, 0x14a00000, 0x24a00000)
   the space 87424K,  18% used [0x0f4a0000, 0x103ff630, 0x103ff800, 0x14a00000)
 Metaspace       used 16860K, capacity 17266K, committed 17408K, reserved 17792K
}

Deoptimization events (0 events):
No events

Internal exceptions (10 events):
Event: 23.196 Thread 0x2758a400 Exception <a 'sun/nio/fs/WindowsException'> (0x0604f978) thrown at [C:\re\workspace\8-2-build-windows-i586-cygwin\jdk8u91\6644\hotspot\src\share\vm\prims\jni.cpp, line 709]
Event: 23.196 Thread 0x2758a400 Exception <a 'sun/nio/fs/WindowsException'> (0x06050038) thrown at [C:\re\workspace\8-2-build-windows-i586-cygwin\jdk8u91\6644\hotspot\src\share\vm\prims\jni.cpp, line 709]
Event: 23.197 Thread 0x2758a400 Exception <a 'sun/nio/fs/WindowsException'> (0x0605cdf8) thrown at [C:\re\workspace\8-2-build-windows-i586-cygwin\jdk8u91\6644\hotspot\src\share\vm\prims\jni.cpp, line 709]
Event: 23.197 Thread 0x2758a400 Exception <a 'sun/nio/fs/WindowsException'> (0x0605d4b8) thrown at [C:\re\workspace\8-2-build-windows-i586-cygwin\jdk8u91\6644\hotspot\src\share\vm\prims\jni.cpp, line 709]
Event: 23.198 Thread 0x2758a400 Exception <a 'sun/nio/fs/WindowsException'> (0x060a3278) thrown at [C:\re\workspace\8-2-build-windows-i586-cygwin\jdk8u91\6644\hotspot\src\share\vm\prims\jni.cpp, line 709]
Event: 23.198 Thread 0x2758a400 Exception <a 'sun/nio/fs/WindowsException'> (0x060a3910) thrown at [C:\re\workspace\8-2-build-windows-i586-cygwin\jdk8u91\6644\hotspot\src\share\vm\prims\jni.cpp, line 709]
Event: 23.199 Thread 0x2758a400 Exception <a 'sun/nio/fs/WindowsException'> (0x060ade90) thrown at [C:\re\workspace\8-2-build-windows-i586-cygwin\jdk8u91\6644\hotspot\src\share\vm\prims\jni.cpp, line 709]
Event: 23.199 Thread 0x2758a400 Exception <a 'sun/nio/fs/WindowsException'> (0x060ae528) thrown at [C:\re\workspace\8-2-build-windows-i586-cygwin\jdk8u91\6644\hotspot\src\share\vm\prims\jni.cpp, line 709]
Event: 23.200 Thread 0x2758a400 Exception <a 'sun/nio/fs/WindowsException'> (0x060b84a8) thrown at [C:\re\workspace\8-2-build-windows-i586-cygwin\jdk8u91\6644\hotspot\src\share\vm\prims\jni.cpp, line 709]
Event: 23.200 Thread 0x2758a400 Exception <a 'sun/nio/fs/WindowsException'> (0x060b8a60) thrown at [C:\re\workspace\8-2-build-windows-i586-cygwin\jdk8u91\6644\hotspot\src\share\vm\prims\jni.cpp, line 709]

Events (10 events):
Event: 32.925 loading class java/util/EnumMap$KeyIterator
Event: 32.925 loading class java/util/EnumMap$EnumMapIterator
Event: 32.925 loading class java/util/EnumMap$EnumMapIterator done
Event: 32.925 loading class java/util/EnumMap$KeyIterator done
Event: 33.287 loading class java/awt/event/MouseWheelEvent
Event: 33.287 loading class java/awt/event/MouseWheelEvent done
Event: 36.218 Thread 0x25607000 flushing nmethod 0x0294a1c8
Event: 37.244 Executing VM operation: RevokeBias
Event: 37.244 Executing VM operation: RevokeBias done
Event: 37.244 Thread 0x27589800 Thread exited: 0x27589800


Dynamic libraries:
0x000e0000 - 0x00113000 	C:\Users\ablat\Downloads\Software\Energia\java\bin\javaw.exe
0x77530000 - 0x776b3000 	C:\Windows\SYSTEM32\ntdll.dll
0x766d0000 - 0x767b0000 	C:\Windows\System32\KERNEL32.DLL
0x77380000 - 0x77521000 	C:\Windows\System32\KERNELBASE.dll
0x76db0000 - 0x76e27000 	C:\Windows\System32\ADVAPI32.dll
0x767b0000 - 0x7686e000 	C:\Windows\System32\msvcrt.dll
0x76680000 - 0x766c1000 	C:\Windows\System32\sechost.dll
0x74c80000 - 0x74d41000 	C:\Windows\System32\RPCRT4.dll
0x73ff0000 - 0x7400e000 	C:\Windows\System32\SspiCli.dll
0x73fe0000 - 0x73fea000 	C:\Windows\System32\CRYPTBASE.dll
0x76e90000 - 0x76eea000 	C:\Windows\System32\bcryptPrimitives.dll
0x77220000 - 0x7737f000 	C:\Windows\System32\USER32.dll
0x74b60000 - 0x74b75000 	C:\Windows\System32\win32u.dll
0x771f0000 - 0x7721b000 	C:\Windows\System32\GDI32.dll
0x74a00000 - 0x74b5a000 	C:\Windows\System32\gdi32full.dll
0x6df50000 - 0x6e15a000 	C:\Windows\WinSxS\x86_microsoft.windows.common-controls_6595b64144ccf1df_6.0.14393.953_none_89c2555adb023171\COMCTL32.dll
0x76320000 - 0x76531000 	C:\Windows\System32\combase.dll
0x76c00000 - 0x76ce0000 	C:\Windows\System32\ucrtbase.dll
0x765b0000 - 0x765d5000 	C:\Windows\System32\IMM32.DLL
0x6a020000 - 0x6a0df000 	C:\Users\ablat\Downloads\Software\Energia\java\bin\msvcr100.dll
0x77c30000 - 0x77ffa000 	C:\Users\ablat\Downloads\Software\Energia\java\bin\client\jvm.dll
0x74010000 - 0x74016000 	C:\Windows\System32\PSAPI.DLL
0x6db30000 - 0x6db54000 	C:\Windows\SYSTEM32\WINMM.dll
0x6e2d0000 - 0x6e2d8000 	C:\Windows\SYSTEM32\WSOCK32.dll
0x73a00000 - 0x73a08000 	C:\Windows\SYSTEM32\VERSION.dll
0x74c10000 - 0x74c73000 	C:\Windows\System32\WS2_32.dll
0x023f0000 - 0x02413000 	C:\Windows\SYSTEM32\WINMMBASE.dll
0x74020000 - 0x74056000 	C:\Windows\System32\cfgmgr32.dll
0x6cc60000 - 0x6cc91000 	C:\Users\ablat\Downloads\Software\Energia\java\bin\splashscreen.dll
0x6dec0000 - 0x6df35000 	C:\Windows\system32\uxtheme.dll
0x6dae0000 - 0x6daec000 	C:\Users\ablat\Downloads\Software\Energia\java\bin\verify.dll
0x6c520000 - 0x6c541000 	C:\Users\ablat\Downloads\Software\Energia\java\bin\java.dll
0x76ac0000 - 0x76bf5000 	C:\Windows\System32\MSCTF.dll
0x74d60000 - 0x74df4000 	C:\Windows\System32\OLEAUT32.dll
0x76870000 - 0x768eb000 	C:\Windows\System32\msvcp_win.dll
0x6c500000 - 0x6c513000 	C:\Users\ablat\Downloads\Software\Energia\java\bin\zip.dll
0x745e0000 - 0x745ed000 	C:\Windows\System32\kernel.appcore.dll
0x74f40000 - 0x76318000 	C:\Windows\System32\SHELL32.dll
0x74060000 - 0x745ce000 	C:\Windows\System32\windows.storage.dll
0x74ef0000 - 0x74f35000 	C:\Windows\System32\powrprof.dll
0x76560000 - 0x765a6000 	C:\Windows\System32\shlwapi.dll
0x769e0000 - 0x76a68000 	C:\Windows\System32\shcore.dll
0x74d50000 - 0x74d5f000 	C:\Windows\System32\profapi.dll
0x69ed0000 - 0x6a015000 	C:\Users\ablat\Downloads\Software\Energia\java\bin\awt.dll
0x6bca0000 - 0x6bd32000 	C:\Windows\SYSTEM32\apphelp.dll
0x6dc20000 - 0x6dc3f000 	C:\Windows\system32\dwmapi.dll
0x74e00000 - 0x74eec000 	C:\Windows\System32\ole32.dll
0x6c4e0000 - 0x6c4f6000 	C:\Users\ablat\Downloads\Software\Energia\java\bin\net.dll
0x73990000 - 0x739de000 	C:\Windows\system32\mswsock.dll
0x73e40000 - 0x73e6f000 	C:\Windows\SYSTEM32\IPHLPAPI.DLL
0x76d40000 - 0x76d47000 	C:\Windows\System32\NSI.dll
0x61740000 - 0x6176c000 	C:\Users\ablat\Downloads\Software\Energia\lib\listSerialsj.dll
0x745f0000 - 0x749fb000 	C:\Windows\System32\SETUPAPI.dll
0x6ee80000 - 0x6ee93000 	C:\Windows\SYSTEM32\dhcpcsvc6.DLL
0x6ee60000 - 0x6ee74000 	C:\Windows\SYSTEM32\dhcpcsvc.DLL
0x70330000 - 0x70343000 	C:\Windows\SYSTEM32\CRYPTSP.dll
0x70300000 - 0x7032f000 	C:\Windows\system32\rsaenh.dll
0x73820000 - 0x7383b000 	C:\Windows\SYSTEM32\bcrypt.dll
0x739e0000 - 0x739fa000 	C:\Windows\SYSTEM32\USERENV.dll
0x6ccd0000 - 0x6ccdf000 	C:\Users\ablat\Downloads\Software\Energia\java\bin\nio.dll
0x26e50000 - 0x26e8d000 	C:\Users\ablat\AppData\Local\Temp\jna-92607966\jna6728540971918824508.dll
0x6f1c0000 - 0x6f23d000 	C:\Windows\SYSTEM32\DNSAPI.dll
0x6e310000 - 0x6e318000 	C:\Windows\System32\rasadhlp.dll
0x6c4a0000 - 0x6c4d9000 	C:\Users\ablat\Downloads\Software\Energia\java\bin\fontmanager.dll
0x69e90000 - 0x69ec2000 	C:\Users\ablat\Downloads\Software\Energia\java\bin\t2k.dll
0x6c3d0000 - 0x6c419000 	C:\Windows\System32\fwpuclnt.dll
0x6da60000 - 0x6da82000 	C:\Windows\SYSTEM32\DEVOBJ.dll
0x76a70000 - 0x76ab4000 	C:\Windows\System32\WINTRUST.dll
0x745d0000 - 0x745de000 	C:\Windows\System32\MSASN1.dll
0x77070000 - 0x771ed000 	C:\Windows\System32\CRYPT32.dll
0x58800000 - 0x58869000 	C:\Users\ablat\Downloads\Software\Energia\msvcp100.dll
0x55cf0000 - 0x55dae000 	C:\Users\ablat\Downloads\Software\Energia\msvcr100.dll
0x28120000 - 0x28152000 	C:\Users\ablat\Downloads\Software\Energia\lib\AStylej.dll
0x6c460000 - 0x6c484000 	C:\Users\ablat\Downloads\Software\Energia\java\bin\dcpr.dll
0x74b80000 - 0x74c04000 	C:\Windows\System32\clbcatq.dll
0x60310000 - 0x6047e000 	C:\Windows\SYSTEM32\WindowsCodecs.dll
0x6d7e0000 - 0x6d824000 	C:\Windows\system32\dataexchange.dll
0x6d490000 - 0x6d6c0000 	C:\Windows\system32\d3d11.dll
0x6d6c0000 - 0x6d7d3000 	C:\Windows\system32\dcomp.dll
0x6db80000 - 0x6dc03000 	C:\Windows\system32\dxgi.dll
0x6d390000 - 0x6d481000 	C:\Windows\system32\twinapi.appcore.dll
0x6e3e0000 - 0x6e525000 	C:\Windows\SYSTEM32\dbghelp.dll

VM Arguments:
jvm_args: -Dsun.java2d.d3d=false -Djna.nosys=true -DAPP_DIR=C:\Users\ablat\Downloads\Software\Energia -Xms128M -Xmx512M 
java_command: processing.app.Base C:\Users\ablat\Documents\Berkeley\EE 16B\ee16b\fa17\lab\dev\project\System ID\dynamics_data\dynamics_data.ino
java_class_path (initial): C:\Users\ablat\Downloads\Software\Energia\lib\apple.jar;C:\Users\ablat\Downloads\Software\Energia\lib\arduino-core.jar;C:\Users\ablat\Downloads\Software\Energia\lib\batik-1.8.jar;C:\Users\ablat\Downloads\Software\Energia\lib\batik-anim-1.8.jar;C:\Users\ablat\Downloads\Software\Energia\lib\batik-awt-util-1.8.jar;C:\Users\ablat\Downloads\Software\Energia\lib\batik-bridge-1.8.jar;C:\Users\ablat\Downloads\Software\Energia\lib\batik-codec-1.8.jar;C:\Users\ablat\Downloads\Software\Energia\lib\batik-css-1.8.jar;C:\Users\ablat\Downloads\Software\Energia\lib\batik-dom-1.8.jar;C:\Users\ablat\Downloads\Software\Energia\lib\batik-ext-1.8.jar;C:\Users\ablat\Downloads\Software\Energia\lib\batik-gvt-1.8.jar;C:\Users\ablat\Downloads\Software\Energia\lib\batik-parser-1.8.jar;C:\Users\ablat\Downloads\Software\Energia\lib\batik-rasterizer-1.8.jar;C:\Users\ablat\Downloads\Software\Energia\lib\batik-script-1.8.jar;C:\Users\ablat\Downloads\Software\Energia\lib\batik-squiggle-1.8.jar;C:\Users\ablat\Downloads\Software\Energia\lib\batik-svg-dom-1.8.jar;C:\Users\ablat\Downloads\Software\Energia\lib\batik-svgpp-1.8.jar;C:\Users\ablat\Downloads\Software\Energia\lib\batik-transcoder-1.8.jar;C:\Users\ablat\Downloads\Software\Energia\lib\batik-util-1.8.jar;C:\Users\ablat\Downloads\Software\Energia\lib\batik-xml-1.8.jar;C:\Users\ablat\Downloads\Software\Energia\lib\bcpg-jdk15on-152.jar;C:\Users\ablat\Downloads\Software\Energia\lib\bcprov-jdk15on-152.jar;C:\Users\ablat\Downloads\Software\Energia\lib\commons-codec-1.7.jar;C:\Users\ablat\Downloads\Software\Energia\lib\commons-compress-1.8.jar;C:\Users\ablat\Downloads\Software\Energia\lib\commons-exec-1.1.jar;C:\Users\ablat\Downloads\Software\Energia\lib\commons-httpclient-3.1.jar;C:\Users\ablat\Downloads\Software\Energia\lib\commons-lang3-3.3.2.jar;C:\Users\ablat\Downloads\Software\Energia\lib\commons-logging-1.0.4.jar;C:\Users\ablat\Downloads\Software\Energia\lib\commons-net-3.3.jar;C:\Users\ablat\Downloads\Software\Ener
Launcher Type: SUN_STANDARD

Environment Variables:
PATH=C:\Program Files\Gurobi\win64\bin;C:\Program Files (x86)\Intel\iCLS Client\;C:\Program Files\Intel\iCLS Client\;C:\Windows\system32;C:\Windows;C:\Windows\System32\Wbem;C:\Windows\System32\WindowsPowerShell\v1.0\;C:\Program Files (x86)\Intel\Intel(R) Management Engine Components\DAL;C:\Program Files\Intel\Intel(R) Management Engine Components\DAL;C:\Program Files (x86)\Intel\Intel(R) Management Engine Components\IPT;C:\Program Files\Intel\Intel(R) Management Engine Components\IPT;C:\Program Files (x86)\NVIDIA Corporation\PhysX\Common;C:\Program Files\MATLAB\R2016b\runtime\win64;C:\Program Files\MATLAB\R2016b\bin;C:\Program Files\Git\cmd;C:\Program Files (x86)\Nordic Semiconductor\nrf5x\bin\;C:\Program Files\MiKTeX 2.9\miktex\bin\x64\;C:\Program Files (x86)\PuTTY\;C:\Program Files\MATLAB\R2015b\runtime\win64;C:\Program Files\MATLAB\R2015b\bin;C:\Program Files (x86)\GNU Tools ARM Embedded\5.3 2016q1\bin;C:\Program Files (x86)\GNU Tools ARM Embedded\4.9 2015q3\bin;C:\Anaconda3;C:\Anaconda3\Scripts;C:\Anaconda3\Library\bin;C:\Users\ablat\AppData\Local\Microsoft\WindowsApps;C:\MinGW\bin;C:\Users\ablat\Downloads\Software\Energia\java\bin
USERNAME=ablat
OS=Windows_NT
PROCESSOR_IDENTIFIER=Intel64 Family 6 Model 94 Stepping 3, GenuineIntel



---------------  S Y S T E M  ---------------

OS: Windows 10.0 , 64 bit Build 14393 (10.0.14393.1198)

CPU:total 8 (4 cores per cpu, 2 threads per core) family 6 model 94 stepping 3, cmov, cx8, fxsr, mmx, sse, sse2, sse3, ssse3, sse4.1, sse4.2, popcnt, avx, avx2, aes, clmul, erms, rtm, 3dnowpref, lzcnt, ht, tsc, tscinvbit, bmi1, bmi2, adx

Memory: 4k page, physical 16628288k(8537832k free), swap 19118656k(9265800k free)

vm_info: Java HotSpot(TM) Client VM (25.91-b14) for windows-x86 JRE (1.8.0_91-b14), built on Apr  1 2016 01:01:28 by "java_re" with MS VC++ 10.0 (VS2010)

time: Tue Jul 25 20:27:00 2017
elapsed time: 39 seconds (0d 0h 0m 39s)

