#
# A fatal error has been detected by the Java Runtime Environment:
#
#  EXCEPTION_ACCESS_VIOLATION (0xc0000005) at pc=0x617493cd, pid=11576, tid=4080
#
# JRE version: Java(TM) SE Runtime Environment (8.0_91-b14) (build 1.8.0_91-b14)
# Java VM: Java HotSpot(TM) Client VM (25.91-b14 mixed mode windows-x86 )
# Problematic frame:
# C  [listSerialsj.dll+0x93cd]
#
# Failed to write core dump. Minidumps are not enabled by default on client versions of Windows
#
# If you would like to submit a bug report, please visit:
#   http://bugreport.java.com/bugreport/crash.jsp
# The crash happened outside the Java Virtual Machine in native code.
# See problematic frame for where to report the bug.
#

---------------  T H R E A D  ---------------

Current thread (0x2620c400):  JavaThread "cc.arduino.packages.discoverers.serial.SerialBoardsLister" [_thread_in_native, id=4080, stack(0x27030000,0x27080000)]

siginfo: ExceptionCode=0xc0000005, writing address 0x00000000

Registers:
EAX=0x00000000, EBX=0x00000ba8, ECX=0x00000000, EDX=0x00000001
ESP=0x2707ec60, EBP=0x2707f0b8, ESI=0x00000001, EDI=0x00f80110
EIP=0x617493cd, EFLAGS=0x00010246

Top of Stack: (sp=0x2707ec60)
0x2707ec60:   29993db0 0000002e 00000002 00000000
0x2707ec70:   00000003 00000000 00000000 00000000
0x2707ec80:   00000002 00f80680 0000006c 7461a540
0x2707ec90:   29993b18 00817645 00f80028 0000008c
0x2707eca0:   7680c070 00000007 00000012 00000002
0x2707ecb0:   00000001 0000006c 0000004d 0000008c
0x2707ecc0:   008cecac 00000000 344d4f43 0080d200
0x2707ecd0:   00425355 fffffffe 7680c065 617419bf 

Instructions: (pc=0x617493cd)
0x617493ad:   8b 45 08 8b 90 94 00 00 00 85 d2 74 16 8b 40 2c
0x617493bd:   c7 44 24 04 2e 00 00 00 89 04 24 e8 73 14 00 00
0x617493cd:   c6 00 00 8d 85 04 fc ff ff 89 44 24 18 8d 85 0a
0x617493dd:   fc ff ff 89 44 24 10 a1 e4 01 75 61 c7 85 04 fc 


Register to memory mapping:

EAX=0x00000000 is an unknown value
EBX=0x00000ba8 is an unknown value
ECX=0x00000000 is an unknown value
EDX=0x00000001 is an unknown value
ESP=0x2707ec60 is pointing into the stack for thread: 0x2620c400
EBP=0x2707f0b8 is pointing into the stack for thread: 0x2620c400
ESI=0x00000001 is an unknown value
EDI=0x00f80110 is an unknown value


Stack: [0x27030000,0x27080000],  sp=0x2707ec60,  free space=315k
Native frames: (J=compiled Java code, j=interpreted, Vv=VM code, C=native code)
C  [listSerialsj.dll+0x93cd]
C  [listSerialsj.dll+0x2211]

Java frames: (J=compiled Java code, j=interpreted, Vv=VM code)
j  processing.app.Platform.listSerialsNative()[Ljava/lang/String;+0
j  processing.app.Platform.listSerials()Ljava/util/List;+5
j  cc.arduino.packages.discoverers.serial.SerialBoardsLister.retriggerDiscovery(Z)V+22
j  cc.arduino.packages.discoverers.serial.SerialBoardsLister.run()V+9
j  java.util.TimerThread.mainLoop()V+221
j  java.util.TimerThread.run()V+1
v  ~StubRoutines::call_stub

---------------  P R O C E S S  ---------------

Java Threads: ( => current thread )
  0x273f7800 JavaThread "DestroyJavaVM" [_thread_blocked, id=12852, stack(0x01370000,0x013c0000)]
  0x273f5000 JavaThread "TimerQueue" daemon [_thread_blocked, id=4620, stack(0x28fc0000,0x29010000)]
  0x273f2400 JavaThread "Batik CleanerThread" daemon [_thread_blocked, id=16228, stack(0x28ca0000,0x28cf0000)]
  0x273f4000 JavaThread "JmDNS(2607:f140:6000:2:d41:ca41:ff32:d393.local.).Timer" daemon [_thread_blocked, id=1036, stack(0x28b10000,0x28b60000)]
  0x273f3800 JavaThread "JmDNS(2607:f140:6000:2:d41:ca41:ff32:d393.local.).State.Timer" [_thread_blocked, id=792, stack(0x28a80000,0x28ad0000)]
  0x273f2000 JavaThread "JmDNS(2607:f140:6000:2:d41:ca41:ff32:d393.local.).Timer" daemon [_thread_blocked, id=9944, stack(0x289f0000,0x28a40000)]
  0x273f5c00 JavaThread "SocketListener(2607:f140:6000:2:d41:ca41:ff32:d393.local.)" daemon [_thread_in_native, id=4408, stack(0x28960000,0x289b0000)]
  0x273f0400 JavaThread "JmDNS(2607:f140:6000:2:71ec:97eb:a789:c353.local.).Timer" daemon [_thread_blocked, id=13280, stack(0x28870000,0x288c0000)]
  0x273f3000 JavaThread "JmDNS(2607:f140:6000:2:71ec:97eb:a789:c353.local.).State.Timer" [_thread_blocked, id=7452, stack(0x287e0000,0x28830000)]
  0x273f1400 JavaThread "JmDNS(2607:f140:6000:2:71ec:97eb:a789:c353.local.).Timer" daemon [_thread_blocked, id=16272, stack(0x28750000,0x287a0000)]
  0x273f2c00 JavaThread "SocketListener(2607:f140:6000:2:71ec:97eb:a789:c353.local.)" daemon [_thread_in_native, id=6156, stack(0x286c0000,0x28710000)]
  0x273f1800 JavaThread "AWT-EventQueue-0" [_thread_blocked, id=5380, stack(0x28630000,0x28680000)]
  0x273f7c00 JavaThread "JmDNS(fe80:0:0:0:71ec:97eb:a789:c353%wlan2.local.).Timer" daemon [_thread_blocked, id=10160, stack(0x284a0000,0x284f0000)]
  0x273f0c00 JavaThread "JmDNS(fe80:0:0:0:71ec:97eb:a789:c353%wlan2.local.).State.Timer" [_thread_blocked, id=11364, stack(0x28410000,0x28460000)]
  0x273f4400 JavaThread "JmDNS(fe80:0:0:0:71ec:97eb:a789:c353%wlan2.local.).Timer" daemon [_thread_blocked, id=14704, stack(0x28380000,0x283d0000)]
  0x263fec00 JavaThread "SocketListener(fe80:0:0:0:71ec:97eb:a789:c353%wlan2.local.)" daemon [_thread_in_native, id=15908, stack(0x282f0000,0x28340000)]
  0x263ff800 JavaThread "JmDNS(ablatner-laptop.local.).Timer" daemon [_thread_blocked, id=15720, stack(0x28160000,0x281b0000)]
  0x26402000 JavaThread "JmDNS(ablatner-laptop.local.).State.Timer" [_thread_blocked, id=1828, stack(0x280d0000,0x28120000)]
  0x263ff400 JavaThread "JmDNS(ablatner-laptop.local.).Timer" daemon [_thread_blocked, id=14332, stack(0x28040000,0x28090000)]
  0x26401800 JavaThread "SocketListener(ablatner-laptop.local.)" daemon [_thread_in_native, id=14268, stack(0x27fb0000,0x28000000)]
  0x26400c00 JavaThread "JmDNS(ablatner-laptop.local.).Timer" daemon [_thread_blocked, id=9048, stack(0x27e20000,0x27e70000)]
  0x26401400 JavaThread "JmDNS(ablatner-laptop.local.).State.Timer" [_thread_blocked, id=9848, stack(0x27d90000,0x27de0000)]
  0x26402400 JavaThread "JmDNS(ablatner-laptop.local.).Timer" daemon [_thread_blocked, id=15892, stack(0x27d00000,0x27d50000)]
  0x26400800 JavaThread "SocketListener(ablatner-laptop.local.)" daemon [_thread_in_native, id=9244, stack(0x26f70000,0x26fc0000)]
  0x26400000 JavaThread "JmDNS(10-105-138-241.local.).Timer" daemon [_thread_blocked, id=9916, stack(0x26de0000,0x26e30000)]
  0x263e4800 JavaThread "JmDNS(10-105-138-241.local.).State.Timer" [_thread_blocked, id=14972, stack(0x26d50000,0x26da0000)]
  0x263e4000 JavaThread "JmDNS(10-105-138-241.local.).Timer" daemon [_thread_blocked, id=12284, stack(0x26cc0000,0x26d10000)]
  0x263d3c00 JavaThread "SocketListener(10-105-138-241.local.)" daemon [_thread_in_native, id=11900, stack(0x26c30000,0x26c80000)]
  0x26272c00 JavaThread "cc.arduino.packages.discoverers.network.BoardReachabilityFilter" [_thread_blocked, id=8772, stack(0x27150000,0x271a0000)]
  0x261f7000 JavaThread "cc.arduino.packages.discoverers.network.NetworkChecker" [_thread_blocked, id=16308, stack(0x270c0000,0x27110000)]
=>0x2620c400 JavaThread "cc.arduino.packages.discoverers.serial.SerialBoardsLister" [_thread_in_native, id=4080, stack(0x27030000,0x27080000)]
  0x261ed800 JavaThread "AWT-Windows" daemon [_thread_in_native, id=8760, stack(0x266f0000,0x26740000)]
  0x261ecc00 JavaThread "AWT-Shutdown" [_thread_blocked, id=1968, stack(0x26660000,0x266b0000)]
  0x261ec400 JavaThread "Java2D Disposer" daemon [_thread_blocked, id=3380, stack(0x265d0000,0x26620000)]
  0x25bb9c00 JavaThread "Service Thread" daemon [_thread_blocked, id=4992, stack(0x25fc0000,0x26010000)]
  0x25b97c00 JavaThread "C1 CompilerThread0" daemon [_thread_blocked, id=14900, stack(0x25f30000,0x25f80000)]
  0x25b97000 JavaThread "Attach Listener" daemon [_thread_blocked, id=16280, stack(0x25ea0000,0x25ef0000)]
  0x25b8d800 JavaThread "Signal Dispatcher" daemon [_thread_blocked, id=6472, stack(0x257b0000,0x25800000)]
  0x25b8b800 JavaThread "Finalizer" daemon [_thread_blocked, id=13620, stack(0x25720000,0x25770000)]
  0x25b75c00 JavaThread "Reference Handler" daemon [_thread_blocked, id=3888, stack(0x25690000,0x256e0000)]

Other Threads:
  0x02bfec00 VMThread [stack: 0x25550000,0x255a0000] [id=15660]
  0x25bc7c00 WatcherThread [stack: 0x26050000,0x260a0000] [id=9116]

VM state:not at safepoint (normal execution)

VM Mutex/Monitor currently owned by a thread: None

Heap:
 def new generation   total 39424K, used 22830K [0x05000000, 0x07ac0000, 0x0faa0000)
  eden space 35072K,  61% used [0x05000000, 0x065286b8, 0x07240000)
  from space 4352K,  26% used [0x07680000, 0x077a3338, 0x07ac0000)
  to   space 4352K,   0% used [0x07240000, 0x07240000, 0x07680000)
 tenured generation   total 87424K, used 18891K [0x0faa0000, 0x15000000, 0x25000000)
   the space 87424K,  21% used [0x0faa0000, 0x10d12f78, 0x10d13000, 0x15000000)
 Metaspace       used 17273K, capacity 17705K, committed 17792K, reserved 17792K

Card table byte_map: [0x04e70000,0x04f80000] byte_map_base: 0x04e48000

Polling page: 0x013c0000

CodeCache: size=32768Kb used=2892Kb max_used=2892Kb free=29875Kb
 bounds [0x02df0000, 0x030c8000, 0x04df0000]
 total_blobs=1826 nmethods=1554 adapters=202
 compilation: enabled

Compilation events (10 events):
Event: 146.926 Thread 0x25b97c00 1569             javax.swing.text.CompositeView::getTopInset (5 bytes)
Event: 146.927 Thread 0x25b97c00 nmethod 1569 0x030c2988 code [0x030c2a80, 0x030c2b00]
Event: 146.928 Thread 0x25b97c00 1570             java.awt.FontMetrics::getFont (5 bytes)
Event: 146.928 Thread 0x25b97c00 nmethod 1570 0x030c2b48 code [0x030c2c40, 0x030c2cc0]
Event: 146.963 Thread 0x25b97c00 1571             com.github.zafarkhaja.semver.VersionParser$CharType$6::isMatchedBy (9 bytes)
Event: 146.963 Thread 0x25b97c00 nmethod 1571 0x030c2d08 code [0x030c2e00, 0x030c2ec0]
Event: 146.963 Thread 0x25b97c00 1572             com.github.zafarkhaja.semver.VersionParser$CharType$6::isMatchedBy (10 bytes)
Event: 146.963 Thread 0x25b97c00 nmethod 1572 0x030c2f48 code [0x030c3040, 0x030c30d0]
Event: 147.183 Thread 0x25b97c00 1573             javax.jmdns.impl.DNSRecord$Service::getServiceInfo (29 bytes)
Event: 147.183 Thread 0x25b97c00 nmethod 1573 0x030c3108 code [0x030c3220, 0x030c3408]

GC Heap History (10 events):
Event: 1.079 GC heap before
{Heap before GC invocations=1 (full 0):
 def new generation   total 39296K, used 39296K [0x05000000, 0x07aa0000, 0x0faa0000)
  eden space 34944K, 100% used [0x05000000, 0x07220000, 0x07220000)
  from space 4352K, 100% used [0x07660000, 0x07aa0000, 0x07aa0000)
  to   space 4352K,   0% used [0x07220000, 0x07220000, 0x07660000)
 tenured generation   total 87424K, used 2129K [0x0faa0000, 0x15000000, 0x25000000)
   the space 87424K,   2% used [0x0faa0000, 0x0fcb4520, 0x0fcb4600, 0x15000000)
 Metaspace       used 11505K, capacity 11801K, committed 11904K, reserved 12672K
Event: 1.092 GC heap after
Heap after GC invocations=2 (full 0):
 def new generation   total 39296K, used 4352K [0x05000000, 0x07aa0000, 0x0faa0000)
  eden space 34944K,   0% used [0x05000000, 0x05000000, 0x07220000)
  from space 4352K, 100% used [0x07220000, 0x07660000, 0x07660000)
  to   space 4352K,   0% used [0x07660000, 0x07660000, 0x07aa0000)
 tenured generation   total 87424K, used 6611K [0x0faa0000, 0x15000000, 0x25000000)
   the space 87424K,   7% used [0x0faa0000, 0x10114c00, 0x10114c00, 0x15000000)
 Metaspace       used 11505K, capacity 11801K, committed 11904K, reserved 12672K
}
Event: 1.334 GC heap before
{Heap before GC invocations=2 (full 0):
 def new generation   total 39296K, used 16203K [0x05000000, 0x07aa0000, 0x0faa0000)
  eden space 34944K,  33% used [0x05000000, 0x05b92f10, 0x07220000)
  from space 4352K, 100% used [0x07220000, 0x07660000, 0x07660000)
  to   space 4352K,   0% used [0x07660000, 0x07660000, 0x07aa0000)
 tenured generation   total 87424K, used 6611K [0x0faa0000, 0x15000000, 0x25000000)
   the space 87424K,   7% used [0x0faa0000, 0x10114c00, 0x10114c00, 0x15000000)
 Metaspace       used 11967K, capacity 12282K, committed 12288K, reserved 12672K
Event: 1.355 GC heap after
Heap after GC invocations=3 (full 1):
 def new generation   total 39424K, used 0K [0x05000000, 0x07ac0000, 0x0faa0000)
  eden space 35072K,   0% used [0x05000000, 0x05000000, 0x07240000)
  from space 4352K,   0% used [0x07240000, 0x07240000, 0x07680000)
  to   space 4352K,   0% used [0x07680000, 0x07680000, 0x07ac0000)
 tenured generation   total 87424K, used 10017K [0x0faa0000, 0x15000000, 0x25000000)
   the space 87424K,  11% used [0x0faa0000, 0x10468590, 0x10468600, 0x15000000)
 Metaspace       used 11967K, capacity 12282K, committed 12288K, reserved 12672K
}
Event: 1.857 GC heap before
{Heap before GC invocations=3 (full 1):
 def new generation   total 39424K, used 35072K [0x05000000, 0x07ac0000, 0x0faa0000)
  eden space 35072K, 100% used [0x05000000, 0x07240000, 0x07240000)
  from space 4352K,   0% used [0x07240000, 0x07240000, 0x07680000)
  to   space 4352K,   0% used [0x07680000, 0x07680000, 0x07ac0000)
 tenured generation   total 87424K, used 10017K [0x0faa0000, 0x15000000, 0x25000000)
   the space 87424K,  11% used [0x0faa0000, 0x10468590, 0x10468600, 0x15000000)
 Metaspace       used 16830K, capacity 17202K, committed 17280K, reserved 17792K
Event: 1.870 GC heap after
Heap after GC invocations=4 (full 1):
 def new generation   total 39424K, used 4352K [0x05000000, 0x07ac0000, 0x0faa0000)
  eden space 35072K,   0% used [0x05000000, 0x05000000, 0x07240000)
  from space 4352K, 100% used [0x07680000, 0x07ac0000, 0x07ac0000)
  to   space 4352K,   0% used [0x07240000, 0x07240000, 0x07680000)
 tenured generation   total 87424K, used 15753K [0x0faa0000, 0x15000000, 0x25000000)
   the space 87424K,  18% used [0x0faa0000, 0x10a026e8, 0x10a02800, 0x15000000)
 Metaspace       used 16830K, capacity 17202K, committed 17280K, reserved 17792K
}
Event: 93.371 GC heap before
{Heap before GC invocations=4 (full 1):
 def new generation   total 39424K, used 39424K [0x05000000, 0x07ac0000, 0x0faa0000)
  eden space 35072K, 100% used [0x05000000, 0x07240000, 0x07240000)
  from space 4352K, 100% used [0x07680000, 0x07ac0000, 0x07ac0000)
  to   space 4352K,   0% used [0x07240000, 0x07240000, 0x07680000)
 tenured generation   total 87424K, used 15753K [0x0faa0000, 0x15000000, 0x25000000)
   the space 87424K,  18% used [0x0faa0000, 0x10a026e8, 0x10a02800, 0x15000000)
 Metaspace       used 17034K, capacity 17419K, committed 17536K, reserved 17792K
Event: 93.378 GC heap after
Heap after GC invocations=5 (full 1):
 def new generation   total 39424K, used 991K [0x05000000, 0x07ac0000, 0x0faa0000)
  eden space 35072K,   0% used [0x05000000, 0x05000000, 0x07240000)
  from space 4352K,  22% used [0x07240000, 0x07337d48, 0x07680000)
  to   space 4352K,   0% used [0x07680000, 0x07680000, 0x07ac0000)
 tenured generation   total 87424K, used 18891K [0x0faa0000, 0x15000000, 0x25000000)
   the space 87424K,  21% used [0x0faa0000, 0x10d12f78, 0x10d13000, 0x15000000)
 Metaspace       used 17034K, capacity 17419K, committed 17536K, reserved 17792K
}
Event: 127.600 GC heap before
{Heap before GC invocations=5 (full 1):
 def new generation   total 39424K, used 36063K [0x05000000, 0x07ac0000, 0x0faa0000)
  eden space 35072K, 100% used [0x05000000, 0x07240000, 0x07240000)
  from space 4352K,  22% used [0x07240000, 0x07337d48, 0x07680000)
  to   space 4352K,   0% used [0x07680000, 0x07680000, 0x07ac0000)
 tenured generation   total 87424K, used 18891K [0x0faa0000, 0x15000000, 0x25000000)
   the space 87424K,  21% used [0x0faa0000, 0x10d12f78, 0x10d13000, 0x15000000)
 Metaspace       used 17073K, capacity 17456K, committed 17536K, reserved 17792K
Event: 127.607 GC heap after
Heap after GC invocations=6 (full 1):
 def new generation   total 39424K, used 1164K [0x05000000, 0x07ac0000, 0x0faa0000)
  eden space 35072K,   0% used [0x05000000, 0x05000000, 0x07240000)
  from space 4352K,  26% used [0x07680000, 0x077a3338, 0x07ac0000)
  to   space 4352K,   0% used [0x07240000, 0x07240000, 0x07680000)
 tenured generation   total 87424K, used 18891K [0x0faa0000, 0x15000000, 0x25000000)
   the space 87424K,  21% used [0x0faa0000, 0x10d12f78, 0x10d13000, 0x15000000)
 Metaspace       used 17073K, capacity 17456K, committed 17536K, reserved 17792K
}

Deoptimization events (0 events):
No events

Internal exceptions (10 events):
Event: 146.960 Thread 0x273f6800 Exception <a 'sun/nio/fs/WindowsException'> (0x063fdea8) thrown at [C:\re\workspace\8-2-build-windows-i586-cygwin\jdk8u91\6644\hotspot\src\share\vm\prims\jni.cpp, line 709]
Event: 146.960 Thread 0x273f6800 Exception <a 'sun/nio/fs/WindowsException'> (0x063fe550) thrown at [C:\re\workspace\8-2-build-windows-i586-cygwin\jdk8u91\6644\hotspot\src\share\vm\prims\jni.cpp, line 709]
Event: 146.961 Thread 0x273f6800 Exception <a 'sun/nio/fs/WindowsException'> (0x0640b3b0) thrown at [C:\re\workspace\8-2-build-windows-i586-cygwin\jdk8u91\6644\hotspot\src\share\vm\prims\jni.cpp, line 709]
Event: 146.961 Thread 0x273f6800 Exception <a 'sun/nio/fs/WindowsException'> (0x0640ba70) thrown at [C:\re\workspace\8-2-build-windows-i586-cygwin\jdk8u91\6644\hotspot\src\share\vm\prims\jni.cpp, line 709]
Event: 146.962 Thread 0x273f6800 Exception <a 'sun/nio/fs/WindowsException'> (0x06451868) thrown at [C:\re\workspace\8-2-build-windows-i586-cygwin\jdk8u91\6644\hotspot\src\share\vm\prims\jni.cpp, line 709]
Event: 146.962 Thread 0x273f6800 Exception <a 'sun/nio/fs/WindowsException'> (0x06451f00) thrown at [C:\re\workspace\8-2-build-windows-i586-cygwin\jdk8u91\6644\hotspot\src\share\vm\prims\jni.cpp, line 709]
Event: 146.962 Thread 0x273f6800 Exception <a 'sun/nio/fs/WindowsException'> (0x0645c420) thrown at [C:\re\workspace\8-2-build-windows-i586-cygwin\jdk8u91\6644\hotspot\src\share\vm\prims\jni.cpp, line 709]
Event: 146.962 Thread 0x273f6800 Exception <a 'sun/nio/fs/WindowsException'> (0x0645cab8) thrown at [C:\re\workspace\8-2-build-windows-i586-cygwin\jdk8u91\6644\hotspot\src\share\vm\prims\jni.cpp, line 709]
Event: 146.963 Thread 0x273f6800 Exception <a 'sun/nio/fs/WindowsException'> (0x06466af8) thrown at [C:\re\workspace\8-2-build-windows-i586-cygwin\jdk8u91\6644\hotspot\src\share\vm\prims\jni.cpp, line 709]
Event: 146.963 Thread 0x273f6800 Exception <a 'sun/nio/fs/WindowsException'> (0x064670b0) thrown at [C:\re\workspace\8-2-build-windows-i586-cygwin\jdk8u91\6644\hotspot\src\share\vm\prims\jni.cpp, line 709]

Events (10 events):
Event: 146.891 loading class javax/swing/plaf/basic/BasicCheckBoxMenuItemUI
Event: 146.891 loading class javax/swing/plaf/basic/BasicCheckBoxMenuItemUI done
Event: 146.891 loading class com/sun/java/swing/plaf/windows/WindowsCheckBoxMenuItemUI done
Event: 146.892 loading class com/sun/java/swing/plaf/windows/WindowsCheckBoxMenuItemUI$1
Event: 146.892 loading class com/sun/java/swing/plaf/windows/WindowsCheckBoxMenuItemUI$1 done
Event: 146.892 loading class processing/app/Editor$SerialMenuListener
Event: 146.892 loading class processing/app/Editor$SerialMenuListener done
Event: 146.968 Executing VM operation: RevokeBias
Event: 146.968 Executing VM operation: RevokeBias done
Event: 146.968 Thread 0x273f6800 Thread exited: 0x273f6800


Dynamic libraries:
0x000e0000 - 0x00113000 	C:\Users\ablat\Downloads\Software\Energia\java\bin\javaw.exe
0x77530000 - 0x776b3000 	C:\Windows\SYSTEM32\ntdll.dll
0x766d0000 - 0x767b0000 	C:\Windows\System32\KERNEL32.DLL
0x77380000 - 0x77521000 	C:\Windows\System32\KERNELBASE.dll
0x76db0000 - 0x76e27000 	C:\Windows\System32\ADVAPI32.dll
0x767b0000 - 0x7686e000 	C:\Windows\System32\msvcrt.dll
0x76680000 - 0x766c1000 	C:\Windows\System32\sechost.dll
0x74c80000 - 0x74d41000 	C:\Windows\System32\RPCRT4.dll
0x73ff0000 - 0x7400e000 	C:\Windows\System32\SspiCli.dll
0x73fe0000 - 0x73fea000 	C:\Windows\System32\CRYPTBASE.dll
0x76e90000 - 0x76eea000 	C:\Windows\System32\bcryptPrimitives.dll
0x77220000 - 0x7737f000 	C:\Windows\System32\USER32.dll
0x74b60000 - 0x74b75000 	C:\Windows\System32\win32u.dll
0x771f0000 - 0x7721b000 	C:\Windows\System32\GDI32.dll
0x74a00000 - 0x74b5a000 	C:\Windows\System32\gdi32full.dll
0x6df50000 - 0x6e15a000 	C:\Windows\WinSxS\x86_microsoft.windows.common-controls_6595b64144ccf1df_6.0.14393.953_none_89c2555adb023171\COMCTL32.dll
0x76320000 - 0x76531000 	C:\Windows\System32\combase.dll
0x76c00000 - 0x76ce0000 	C:\Windows\System32\ucrtbase.dll
0x765b0000 - 0x765d5000 	C:\Windows\System32\IMM32.DLL
0x6a020000 - 0x6a0df000 	C:\Users\ablat\Downloads\Software\Energia\java\bin\msvcr100.dll
0x77c30000 - 0x77ffa000 	C:\Users\ablat\Downloads\Software\Energia\java\bin\client\jvm.dll
0x74010000 - 0x74016000 	C:\Windows\System32\PSAPI.DLL
0x6e2d0000 - 0x6e2d8000 	C:\Windows\SYSTEM32\WSOCK32.dll
0x6db30000 - 0x6db54000 	C:\Windows\SYSTEM32\WINMM.dll
0x73a00000 - 0x73a08000 	C:\Windows\SYSTEM32\VERSION.dll
0x74c10000 - 0x74c73000 	C:\Windows\System32\WS2_32.dll
0x6cb50000 - 0x6cb73000 	C:\Windows\SYSTEM32\WINMMBASE.dll
0x74020000 - 0x74056000 	C:\Windows\System32\cfgmgr32.dll
0x6cc60000 - 0x6cc91000 	C:\Users\ablat\Downloads\Software\Energia\java\bin\splashscreen.dll
0x6dec0000 - 0x6df35000 	C:\Windows\system32\uxtheme.dll
0x6dae0000 - 0x6daec000 	C:\Users\ablat\Downloads\Software\Energia\java\bin\verify.dll
0x76ac0000 - 0x76bf5000 	C:\Windows\System32\MSCTF.dll
0x74d60000 - 0x74df4000 	C:\Windows\System32\OLEAUT32.dll
0x76870000 - 0x768eb000 	C:\Windows\System32\msvcp_win.dll
0x6c520000 - 0x6c541000 	C:\Users\ablat\Downloads\Software\Energia\java\bin\java.dll
0x6c500000 - 0x6c513000 	C:\Users\ablat\Downloads\Software\Energia\java\bin\zip.dll
0x745e0000 - 0x745ed000 	C:\Windows\System32\kernel.appcore.dll
0x74f40000 - 0x76318000 	C:\Windows\System32\SHELL32.dll
0x74060000 - 0x745ce000 	C:\Windows\System32\windows.storage.dll
0x74ef0000 - 0x74f35000 	C:\Windows\System32\powrprof.dll
0x76560000 - 0x765a6000 	C:\Windows\System32\shlwapi.dll
0x769e0000 - 0x76a68000 	C:\Windows\System32\shcore.dll
0x74d50000 - 0x74d5f000 	C:\Windows\System32\profapi.dll
0x69ed0000 - 0x6a015000 	C:\Users\ablat\Downloads\Software\Energia\java\bin\awt.dll
0x6bca0000 - 0x6bd32000 	C:\Windows\SYSTEM32\apphelp.dll
0x6dc20000 - 0x6dc3f000 	C:\Windows\system32\dwmapi.dll
0x74e00000 - 0x74eec000 	C:\Windows\System32\ole32.dll
0x6c4e0000 - 0x6c4f6000 	C:\Users\ablat\Downloads\Software\Energia\java\bin\net.dll
0x73990000 - 0x739de000 	C:\Windows\system32\mswsock.dll
0x73e40000 - 0x73e6f000 	C:\Windows\SYSTEM32\IPHLPAPI.DLL
0x76d40000 - 0x76d47000 	C:\Windows\System32\NSI.dll
0x61740000 - 0x6176c000 	C:\Users\ablat\Downloads\Software\Energia\lib\listSerialsj.dll
0x745f0000 - 0x749fb000 	C:\Windows\System32\SETUPAPI.dll
0x6ee80000 - 0x6ee93000 	C:\Windows\SYSTEM32\dhcpcsvc6.DLL
0x6ee60000 - 0x6ee74000 	C:\Windows\SYSTEM32\dhcpcsvc.DLL
0x70330000 - 0x70343000 	C:\Windows\SYSTEM32\CRYPTSP.dll
0x70300000 - 0x7032f000 	C:\Windows\system32\rsaenh.dll
0x73820000 - 0x7383b000 	C:\Windows\SYSTEM32\bcrypt.dll
0x739e0000 - 0x739fa000 	C:\Windows\SYSTEM32\USERENV.dll
0x6ccd0000 - 0x6ccdf000 	C:\Users\ablat\Downloads\Software\Energia\java\bin\nio.dll
0x26900000 - 0x2693d000 	C:\Users\ablat\AppData\Local\Temp\jna-92607966\jna846485012833324812.dll
0x6f1c0000 - 0x6f23d000 	C:\Windows\SYSTEM32\DNSAPI.dll
0x6e310000 - 0x6e318000 	C:\Windows\System32\rasadhlp.dll
0x6c4a0000 - 0x6c4d9000 	C:\Users\ablat\Downloads\Software\Energia\java\bin\fontmanager.dll
0x69e90000 - 0x69ec2000 	C:\Users\ablat\Downloads\Software\Energia\java\bin\t2k.dll
0x6c3d0000 - 0x6c419000 	C:\Windows\System32\fwpuclnt.dll
0x58800000 - 0x58869000 	C:\Users\ablat\Downloads\Software\Energia\msvcp100.dll
0x55cf0000 - 0x55dae000 	C:\Users\ablat\Downloads\Software\Energia\msvcr100.dll
0x288c0000 - 0x288f2000 	C:\Users\ablat\Downloads\Software\Energia\lib\AStylej.dll
0x6c460000 - 0x6c484000 	C:\Users\ablat\Downloads\Software\Energia\java\bin\dcpr.dll
0x74b80000 - 0x74c04000 	C:\Windows\System32\clbcatq.dll
0x60310000 - 0x6047e000 	C:\Windows\SYSTEM32\WindowsCodecs.dll
0x6d7e0000 - 0x6d824000 	C:\Windows\system32\dataexchange.dll
0x6d490000 - 0x6d6c0000 	C:\Windows\system32\d3d11.dll
0x6d6c0000 - 0x6d7d3000 	C:\Windows\system32\dcomp.dll
0x6db80000 - 0x6dc03000 	C:\Windows\system32\dxgi.dll
0x6d390000 - 0x6d481000 	C:\Windows\system32\twinapi.appcore.dll
0x6a900000 - 0x6a94e000 	C:\Windows\system32\Ninput.dll
0x6da60000 - 0x6da82000 	C:\Windows\SYSTEM32\DEVOBJ.dll
0x76a70000 - 0x76ab4000 	C:\Windows\System32\WINTRUST.dll
0x745d0000 - 0x745de000 	C:\Windows\System32\MSASN1.dll
0x77070000 - 0x771ed000 	C:\Windows\System32\CRYPT32.dll
0x6e3e0000 - 0x6e525000 	C:\Windows\SYSTEM32\dbghelp.dll

VM Arguments:
jvm_args: -Dsun.java2d.d3d=false -Djna.nosys=true -DAPP_DIR=C:\Users\ablat\Downloads\Software\Energia -Xms128M -Xmx512M 
java_command: processing.app.Base C:\Users\ablat\Documents\Berkeley\EE 16B\ee16b\fa17\lab\dev\project\System ID\dynamics_data\dynamics_data.ino
java_class_path (initial): C:\Users\ablat\Downloads\Software\Energia\lib\apple.jar;C:\Users\ablat\Downloads\Software\Energia\lib\arduino-core.jar;C:\Users\ablat\Downloads\Software\Energia\lib\batik-1.8.jar;C:\Users\ablat\Downloads\Software\Energia\lib\batik-anim-1.8.jar;C:\Users\ablat\Downloads\Software\Energia\lib\batik-awt-util-1.8.jar;C:\Users\ablat\Downloads\Software\Energia\lib\batik-bridge-1.8.jar;C:\Users\ablat\Downloads\Software\Energia\lib\batik-codec-1.8.jar;C:\Users\ablat\Downloads\Software\Energia\lib\batik-css-1.8.jar;C:\Users\ablat\Downloads\Software\Energia\lib\batik-dom-1.8.jar;C:\Users\ablat\Downloads\Software\Energia\lib\batik-ext-1.8.jar;C:\Users\ablat\Downloads\Software\Energia\lib\batik-gvt-1.8.jar;C:\Users\ablat\Downloads\Software\Energia\lib\batik-parser-1.8.jar;C:\Users\ablat\Downloads\Software\Energia\lib\batik-rasterizer-1.8.jar;C:\Users\ablat\Downloads\Software\Energia\lib\batik-script-1.8.jar;C:\Users\ablat\Downloads\Software\Energia\lib\batik-squiggle-1.8.jar;C:\Users\ablat\Downloads\Software\Energia\lib\batik-svg-dom-1.8.jar;C:\Users\ablat\Downloads\Software\Energia\lib\batik-svgpp-1.8.jar;C:\Users\ablat\Downloads\Software\Energia\lib\batik-transcoder-1.8.jar;C:\Users\ablat\Downloads\Software\Energia\lib\batik-util-1.8.jar;C:\Users\ablat\Downloads\Software\Energia\lib\batik-xml-1.8.jar;C:\Users\ablat\Downloads\Software\Energia\lib\bcpg-jdk15on-152.jar;C:\Users\ablat\Downloads\Software\Energia\lib\bcprov-jdk15on-152.jar;C:\Users\ablat\Downloads\Software\Energia\lib\commons-codec-1.7.jar;C:\Users\ablat\Downloads\Software\Energia\lib\commons-compress-1.8.jar;C:\Users\ablat\Downloads\Software\Energia\lib\commons-exec-1.1.jar;C:\Users\ablat\Downloads\Software\Energia\lib\commons-httpclient-3.1.jar;C:\Users\ablat\Downloads\Software\Energia\lib\commons-lang3-3.3.2.jar;C:\Users\ablat\Downloads\Software\Energia\lib\commons-logging-1.0.4.jar;C:\Users\ablat\Downloads\Software\Energia\lib\commons-net-3.3.jar;C:\Users\ablat\Downloads\Software\Ener
Launcher Type: SUN_STANDARD

Environment Variables:
PATH=C:\Program Files\Gurobi\win64\bin;C:\Program Files (x86)\Intel\iCLS Client\;C:\Program Files\Intel\iCLS Client\;C:\Windows\system32;C:\Windows;C:\Windows\System32\Wbem;C:\Windows\System32\WindowsPowerShell\v1.0\;C:\Program Files (x86)\Intel\Intel(R) Management Engine Components\DAL;C:\Program Files\Intel\Intel(R) Management Engine Components\DAL;C:\Program Files (x86)\Intel\Intel(R) Management Engine Components\IPT;C:\Program Files\Intel\Intel(R) Management Engine Components\IPT;C:\Program Files (x86)\NVIDIA Corporation\PhysX\Common;C:\Program Files\MATLAB\R2016b\runtime\win64;C:\Program Files\MATLAB\R2016b\bin;C:\Program Files\Git\cmd;C:\Program Files (x86)\Nordic Semiconductor\nrf5x\bin\;C:\Program Files\MiKTeX 2.9\miktex\bin\x64\;C:\Program Files (x86)\PuTTY\;C:\Program Files\MATLAB\R2015b\runtime\win64;C:\Program Files\MATLAB\R2015b\bin;C:\Program Files (x86)\GNU Tools ARM Embedded\5.3 2016q1\bin;C:\Program Files (x86)\GNU Tools ARM Embedded\4.9 2015q3\bin;C:\Anaconda3;C:\Anaconda3\Scripts;C:\Anaconda3\Library\bin;C:\Users\ablat\AppData\Local\Microsoft\WindowsApps;C:\MinGW\bin;C:\Users\ablat\Downloads\Software\Energia\java\bin
USERNAME=ablat
OS=Windows_NT
PROCESSOR_IDENTIFIER=Intel64 Family 6 Model 94 Stepping 3, GenuineIntel



---------------  S Y S T E M  ---------------

OS: Windows 10.0 , 64 bit Build 14393 (10.0.14393.1198)

CPU:total 8 (4 cores per cpu, 2 threads per core) family 6 model 94 stepping 3, cmov, cx8, fxsr, mmx, sse, sse2, sse3, ssse3, sse4.1, sse4.2, popcnt, avx, avx2, aes, clmul, erms, rtm, 3dnowpref, lzcnt, ht, tsc, tscinvbit, bmi1, bmi2, adx

Memory: 4k page, physical 16628288k(8878120k free), swap 19118656k(9489108k free)

vm_info: Java HotSpot(TM) Client VM (25.91-b14) for windows-x86 JRE (1.8.0_91-b14), built on Apr  1 2016 01:01:28 by "java_re" with MS VC++ 10.0 (VS2010)

time: Tue Jul 25 20:45:29 2017
elapsed time: 148 seconds (0d 0h 2m 28s)

